TN:
SF:./contracts/datastore/DataStore.sol
FN:17,_isAuthorized
FN:26,validKey
FN:31,validArrayLength
FN:36,onlyOwner
FN:45,setSecurityToken
FN:56,setUint256
FN:61,setBytes32
FN:66,setAddress
FN:71,setBool
FN:76,setString
FN:81,setBytes
FN:91,setUint256Array
FN:96,setBytes32Array
FN:101,setAddressArray
FN:106,setBoolArray
FN:116,insertUint256
FN:121,insertBytes32
FN:126,insertAddress
FN:131,insertBool
FN:142,deleteUint256
FN:147,deleteBytes32
FN:152,deleteAddress
FN:157,deleteBool
FN:167,setUint256Multi
FN:174,setBytes32Multi
FN:181,setAddressMulti
FN:188,setBoolMulti
FN:200,insertUint256Multi
FN:207,insertBytes32Multi
FN:214,insertAddressMulti
FN:221,insertBoolMulti
FN:228,getUint256
FN:232,getBytes32
FN:236,getAddress
FN:240,getString
FN:244,getBytes
FN:248,getBool
FN:252,getUint256Array
FN:256,getBytes32Array
FN:260,getAddressArray
FN:264,getBoolArray
FN:268,getUint256ArrayLength
FN:272,getBytes32ArrayLength
FN:276,getAddressArrayLength
FN:280,getBoolArrayLength
FN:284,getUint256ArrayElement
FN:288,getBytes32ArrayElement
FN:292,getAddressArrayElement
FN:296,getBoolArrayElement
FN:300,getUint256ArrayElements
FN:312,getBytes32ArrayElements
FN:324,getAddressArrayElements
FN:336,getBoolArrayElements
FN:348,_setData
FN:355,_setData
FN:362,_setData
FN:369,_setData
FN:376,_setData
FN:380,_setData
FN:384,_setData
FN:388,_setData
FN:392,_setData
FN:396,_setData
FN:400,_deleteUint
FN:406,_deleteBytes32
FN:412,_deleteAddress
FN:418,_deleteBool
FNF:67
FNH:67
FNDA:699,_isAuthorized
FNDA:655,validKey
FNDA:26,validArrayLength
FNDA:3,onlyOwner
FNDA:1,setSecurityToken
FNDA:317,setUint256
FNDA:5,setBytes32
FNDA:42,setAddress
FNDA:5,setBool
FNDA:3,setString
FNDA:1,setBytes
FNDA:3,setUint256Array
FNDA:3,setBytes32Array
FNDA:3,setAddressArray
FNDA:3,setBoolArray
FNDA:3,insertUint256
FNDA:3,insertBytes32
FNDA:269,insertAddress
FNDA:3,insertBool
FNDA:3,deleteUint256
FNDA:3,deleteBytes32
FNDA:3,deleteAddress
FNDA:3,deleteBool
FNDA:3,setUint256Multi
FNDA:3,setBytes32Multi
FNDA:3,setAddressMulti
FNDA:3,setBoolMulti
FNDA:3,insertUint256Multi
FNDA:3,insertBytes32Multi
FNDA:3,insertAddressMulti
FNDA:3,insertBoolMulti
FNDA:2074,getUint256
FNDA:3,getBytes32
FNDA:77,getAddress
FNDA:1,getString
FNDA:1,getBytes
FNDA:13,getBool
FNDA:1,getUint256Array
FNDA:1,getBytes32Array
FNDA:29,getAddressArray
FNDA:1,getBoolArray
FNDA:9,getUint256ArrayLength
FNDA:9,getBytes32ArrayLength
FNDA:111,getAddressArrayLength
FNDA:9,getBoolArrayLength
FNDA:6,getUint256ArrayElement
FNDA:6,getBytes32ArrayElement
FNDA:6,getAddressArrayElement
FNDA:6,getBoolArrayElement
FNDA:1,getUint256ArrayElements
FNDA:1,getBytes32ArrayElements
FNDA:10,getAddressArrayElements
FNDA:1,getBoolArrayElements
FNDA:318,_setData
FNDA:6,_setData
FNDA:311,_setData
FNDA:8,_setData
FNDA:1,_setData
FNDA:1,_setData
FNDA:1,_setData
FNDA:1,_setData
FNDA:1,_setData
FNDA:1,_setData
FNDA:1,_deleteUint
FNDA:1,_deleteBytes32
FNDA:1,_deleteAddress
FNDA:1,_deleteBool
DA:18,699
DA:27,655
DA:28,653
DA:32,26
DA:33,24
DA:37,3
DA:38,1
DA:46,1
DA:47,1
DA:48,1
DA:57,317
DA:58,315
DA:62,5
DA:63,1
DA:67,42
DA:68,40
DA:72,5
DA:73,3
DA:77,3
DA:78,1
DA:82,1
DA:83,1
DA:92,3
DA:93,1
DA:97,3
DA:98,1
DA:102,3
DA:103,1
DA:107,3
DA:108,1
DA:117,3
DA:118,1
DA:122,3
DA:123,1
DA:127,269
DA:128,267
DA:132,3
DA:133,1
DA:143,3
DA:144,1
DA:148,3
DA:149,1
DA:153,3
DA:154,1
DA:158,3
DA:159,1
DA:168,3
DA:169,1
DA:170,2
DA:175,3
DA:176,1
DA:177,2
DA:182,3
DA:183,1
DA:184,2
DA:189,3
DA:190,1
DA:191,2
DA:201,3
DA:202,1
DA:203,2
DA:208,3
DA:209,1
DA:210,2
DA:215,3
DA:216,1
DA:217,2
DA:222,3
DA:223,1
DA:224,2
DA:229,2074
DA:233,3
DA:237,77
DA:241,1
DA:245,1
DA:249,13
DA:253,1
DA:257,1
DA:261,29
DA:265,1
DA:269,9
DA:273,9
DA:277,111
DA:281,9
DA:285,6
DA:289,6
DA:293,6
DA:297,6
DA:301,1
DA:302,1
DA:303,0
DA:305,1
DA:307,1
DA:308,1
DA:309,3
DA:313,1
DA:314,1
DA:315,0
DA:317,1
DA:319,1
DA:320,1
DA:321,3
DA:325,10
DA:326,10
DA:327,5
DA:329,5
DA:331,10
DA:332,10
DA:333,29
DA:337,1
DA:338,1
DA:339,0
DA:341,1
DA:343,1
DA:344,1
DA:345,3
DA:349,318
DA:350,3
DA:352,315
DA:356,6
DA:357,3
DA:359,3
DA:363,311
DA:364,269
DA:366,42
DA:370,8
DA:371,3
DA:373,5
DA:377,1
DA:381,1
DA:385,1
DA:389,1
DA:393,1
DA:397,1
DA:401,1
DA:402,1
DA:403,1
DA:407,1
DA:408,1
DA:409,1
DA:413,1
DA:414,1
DA:415,1
DA:419,1
DA:420,1
DA:421,1
LF:146
LH:143
BRDA:18,1,0,647
BRDA:18,1,1,52
BRDA:27,2,0,653
BRDA:27,2,1,2
BRDA:32,3,0,24
BRDA:32,3,1,2
BRDA:37,4,0,1
BRDA:37,4,1,2
BRDA:46,5,0,1
BRDA:46,5,1,0
BRDA:302,6,0,0
BRDA:302,6,1,1
BRDA:314,7,0,0
BRDA:314,7,1,1
BRDA:326,8,0,5
BRDA:326,8,1,5
BRDA:338,9,0,0
BRDA:338,9,1,1
BRDA:349,10,0,3
BRDA:349,10,1,315
BRDA:356,11,0,3
BRDA:356,11,1,3
BRDA:363,12,0,269
BRDA:363,12,1,42
BRDA:370,13,0,3
BRDA:370,13,1,5
BRDA:401,14,0,1
BRDA:401,14,1,0
BRDA:407,15,0,1
BRDA:407,15,1,0
BRDA:413,16,0,1
BRDA:413,16,1,0
BRDA:419,17,0,1
BRDA:419,17,1,0
BRF:34
BRH:26
end_of_record
TN:
SF:./contracts/datastore/DataStoreFactory.sol
FN:9,constructor
FN:14,generateDataStore
FNF:2
FNH:2
FNDA:33,constructor
FNDA:38,generateDataStore
DA:10,33
DA:11,33
DA:15,38
DA:16,38
LF:4
LH:4
BRDA:10,1,0,33
BRDA:10,1,1,0
BRF:2
BRH:1
end_of_record
TN:
SF:./contracts/datastore/DataStoreProxy.sol
FN:16,constructor
FNF:1
FNH:1
FNDA:38,constructor
DA:22,38
DA:25,38
DA:26,38
LF:3
LH:3
BRDA:22,1,0,38
BRDA:22,1,1,0
BRF:2
BRH:1
end_of_record
TN:
SF:./contracts/datastore/DataStoreStorage.sol
FNF:0
FNH:0
LF:0
LH:0
BRF:0
BRH:0
end_of_record
TN:
SF:./contracts/FeatureRegistry.sol
FN:19,getFeatureStatus
FN:30,setFeatureStatus
FNF:2
FNH:2
FNDA:378,getFeatureStatus
FNDA:2,setFeatureStatus
DA:20,378
DA:21,378
DA:31,2
DA:32,2
DA:33,2
DA:34,2
LF:6
LH:6
BRDA:32,1,0,2
BRDA:32,1,1,0
BRF:2
BRH:1
end_of_record
TN:
SF:./contracts/interfaces/IBoot.sol
FNF:0
FNH:0
LF:0
LH:0
BRF:0
BRH:0
end_of_record
TN:
SF:./contracts/interfaces/ICheckPermission.sol
FNF:0
FNH:0
LF:0
LH:0
BRF:0
BRH:0
end_of_record
TN:
SF:./contracts/interfaces/IDataStore.sol
FNF:0
FNH:0
LF:0
LH:0
BRF:0
BRH:0
end_of_record
TN:
SF:./contracts/interfaces/IFeatureRegistry.sol
FNF:0
FNH:0
LF:0
LH:0
BRF:0
BRH:0
end_of_record
TN:
SF:./contracts/interfaces/IModule.sol
FNF:0
FNH:0
LF:0
LH:0
BRF:0
BRH:0
end_of_record
TN:
SF:./contracts/interfaces/IModuleFactory.sol
FNF:0
FNH:0
LF:0
LH:0
BRF:0
BRH:0
end_of_record
TN:
SF:./contracts/interfaces/IModuleRegistry.sol
FNF:0
FNH:0
LF:0
LH:0
BRF:0
BRH:0
end_of_record
TN:
SF:./contracts/interfaces/IOracle.sol
FNF:0
FNH:0
LF:0
LH:0
BRF:0
BRH:0
end_of_record
TN:
SF:./contracts/interfaces/IOwnable.sol
FNF:0
FNH:0
LF:0
LH:0
BRF:0
BRH:0
end_of_record
TN:
SF:./contracts/interfaces/IPoly.sol
FNF:0
FNH:0
LF:0
LH:0
BRF:0
BRH:0
end_of_record
TN:
SF:./contracts/interfaces/IPolymathRegistry.sol
FNF:0
FNH:0
LF:0
LH:0
BRF:0
BRH:0
end_of_record
TN:
SF:./contracts/interfaces/ISecurityToken.sol
FNF:0
FNH:0
LF:0
LH:0
BRF:0
BRH:0
end_of_record
TN:
SF:./contracts/interfaces/ISecurityTokenRegistry.sol
FNF:0
FNH:0
LF:0
LH:0
BRF:0
BRH:0
end_of_record
TN:
SF:./contracts/interfaces/ISTFactory.sol
FNF:0
FNH:0
LF:0
LH:0
BRF:0
BRH:0
end_of_record
TN:
SF:./contracts/interfaces/ISTO.sol
FNF:0
FNH:0
LF:0
LH:0
BRF:0
BRH:0
end_of_record
TN:
SF:./contracts/interfaces/ITransferManager.sol
FNF:0
FNH:0
LF:0
LH:0
BRF:0
BRH:0
end_of_record
TN:
SF:./contracts/interfaces/IUpgradableTokenFactory.sol
FNF:0
FNH:0
LF:0
LH:0
BRF:0
BRH:0
end_of_record
TN:
SF:./contracts/interfaces/IUSDTieredSTOProxy.sol
FNF:0
FNH:0
LF:0
LH:0
BRF:0
BRH:0
end_of_record
TN:
SF:./contracts/interfaces/IVoting.sol
FNF:0
FNH:0
LF:0
LH:0
BRF:0
BRH:0
end_of_record
TN:
SF:./contracts/interfaces/token/IERC1410.sol
FNF:0
FNH:0
LF:0
LH:0
BRF:0
BRH:0
end_of_record
TN:
SF:./contracts/interfaces/token/IERC1594.sol
FNF:0
FNH:0
LF:0
LH:0
BRF:0
BRH:0
end_of_record
TN:
SF:./contracts/interfaces/token/IERC1643.sol
FNF:0
FNH:0
LF:0
LH:0
BRF:0
BRH:0
end_of_record
TN:
SF:./contracts/interfaces/token/IERC1644.sol
FNF:0
FNH:0
LF:0
LH:0
BRF:0
BRH:0
end_of_record
TN:
SF:./contracts/libraries/DecimalMath.sol
FN:14,mul
FN:22,div
FNF:2
FNH:2
FNDA:243,mul
FNDA:628,div
DA:15,243
DA:23,628
LF:2
LH:2
BRF:0
BRH:0
end_of_record
TN:
SF:./contracts/libraries/Encoder.sol
FN:4,getKey
FN:8,getKey
FN:12,getKey
FN:16,getKey
FN:20,getKey
FN:24,getKey
FNF:6
FNH:4
FNDA:33,getKey
FNDA:1620,getKey
FNDA:862,getKey
FNDA:397,getKey
FNDA:0,getKey
FNDA:0,getKey
DA:5,33
DA:9,1620
DA:13,862
DA:17,397
DA:21,0
DA:25,0
LF:6
LH:4
BRF:0
BRH:0
end_of_record
TN:
SF:./contracts/libraries/TokenLib.sol
FN:51,hash
FN:62,hash
FN:66,recoverFreezeIssuanceAckSigner
FN:71,recoverDisableControllerAckSigner
FN:76,extractSigner
FN:129,archiveModule
FN:141,unarchiveModule
FN:154,upgradeModule
FN:167,removeModule
FN:201,_removeModuleWithIndex
FN:230,changeModuleBudget
FN:259,getValueAt
FN:298,adjustCheckpoints
FN:321,adjustInvestorCount
FN:360,setDocument
FN:385,removeDocument
FN:416,verifyTransfer
FN:458,canTransfer
FN:485,_getKey
FN:489,_isExistingInvestor
FNF:20
FNH:18
FNDA:0,hash
FNDA:0,hash
FNDA:2,recoverFreezeIssuanceAckSigner
FNDA:2,recoverDisableControllerAckSigner
FNDA:4,extractSigner
FNDA:30,archiveModule
FNDA:6,unarchiveModule
FNDA:9,upgradeModule
FNDA:24,removeModule
FNDA:23,_removeModuleWithIndex
FNDA:5,changeModuleBudget
FNDA:320,getValueAt
FNDA:1114,adjustCheckpoints
FNDA:559,adjustInvestorCount
FNDA:9,setDocument
FNDA:5,removeDocument
FNDA:7,verifyTransfer
FNDA:7,canTransfer
FNDA:372,_getKey
FNDA:260,_isExistingInvestor
DA:52,0
DA:63,0
DA:67,2
DA:68,2
DA:72,2
DA:73,2
DA:77,4
DA:78,4
DA:79,4
DA:82,4
DA:83,4
DA:90,0
DA:97,0
DA:98,0
DA:102,0
DA:103,0
DA:106,0
DA:117,0
DA:122,0
DA:130,30
DA:131,28
DA:133,26
DA:134,26
DA:142,6
DA:145,4
DA:146,4
DA:147,4
DA:155,9
DA:157,9
DA:159,7
DA:160,3
DA:175,24
DA:176,22
DA:178,22
DA:180,22
DA:181,22
DA:182,23
DA:186,22
DA:187,22
DA:188,22
DA:189,22
DA:190,22
DA:191,22
DA:192,1
DA:195,22
DA:209,23
DA:210,23
DA:211,23
DA:213,23
DA:215,1
DA:216,1
DA:217,1
DA:218,1
DA:239,5
DA:240,3
DA:241,3
DA:242,3
DA:243,2
DA:244,2
DA:246,1
DA:247,1
DA:249,3
DA:261,320
DA:262,1
DA:264,319
DA:265,38
DA:267,281
DA:268,96
DA:270,185
DA:271,108
DA:273,77
DA:274,15
DA:276,62
DA:277,62
DA:278,62
DA:279,99
DA:280,99
DA:281,18
DA:282,18
DA:284,81
DA:285,52
DA:287,29
DA:290,62
DA:300,1114
DA:301,936
DA:304,178
DA:305,81
DA:308,97
DA:333,559
DA:334,4
DA:337,555
DA:338,260
DA:339,260
DA:340,260
DA:341,112
DA:343,112
DA:347,555
DA:348,48
DA:351,555
DA:370,9
DA:371,7
DA:372,5
DA:373,4
DA:374,4
DA:376,5
DA:377,5
DA:393,5
DA:394,3
DA:395,3
DA:396,1
DA:397,1
DA:399,3
DA:400,3
DA:401,3
DA:429,7
DA:430,7
DA:431,7
DA:432,7
DA:434,7
DA:435,7
DA:436,7
DA:437,10
DA:438,10
DA:439,10
DA:440,10
DA:441,0
DA:442,0
DA:444,4
DA:446,0
DA:452,7
DA:453,7
DA:455,0
DA:469,7
DA:470,2
DA:472,5
DA:473,0
DA:475,5
DA:476,0
DA:482,5
DA:486,372
DA:490,260
DA:492,260
LF:142
LH:126
BRDA:82,1,0,4
BRDA:82,1,1,0
BRDA:97,2,0,0
BRDA:97,2,1,0
BRDA:102,3,0,0
BRDA:102,3,1,0
BRDA:130,4,0,28
BRDA:130,4,1,2
BRDA:131,5,0,26
BRDA:131,5,1,2
BRDA:142,6,0,4
BRDA:142,6,1,2
BRDA:155,7,0,9
BRDA:155,7,1,0
BRDA:175,8,0,22
BRDA:175,8,1,2
BRDA:176,9,0,22
BRDA:176,9,1,0
BRDA:191,10,0,1
BRDA:191,10,1,21
BRDA:213,11,0,1
BRDA:213,11,1,22
BRDA:217,12,0,1
BRDA:217,12,1,0
BRDA:239,13,0,3
BRDA:239,13,1,2
BRDA:242,14,0,2
BRDA:242,14,1,1
BRDA:243,15,0,2
BRDA:243,15,1,0
BRDA:246,16,0,1
BRDA:246,16,1,0
BRDA:261,17,0,1
BRDA:261,17,1,319
BRDA:264,18,0,38
BRDA:264,18,1,281
BRDA:267,19,0,96
BRDA:267,19,1,185
BRDA:270,20,0,108
BRDA:270,20,1,77
BRDA:273,21,0,15
BRDA:273,21,1,62
BRDA:280,22,0,18
BRDA:280,22,1,81
BRDA:284,23,0,52
BRDA:284,23,1,29
BRDA:300,24,0,936
BRDA:300,24,1,178
BRDA:304,25,0,81
BRDA:304,25,1,97
BRDA:333,26,0,4
BRDA:333,26,1,555
BRDA:337,27,0,260
BRDA:337,27,1,295
BRDA:340,28,0,112
BRDA:340,28,1,148
BRDA:347,29,0,48
BRDA:347,29,1,507
BRDA:370,30,0,7
BRDA:370,30,1,2
BRDA:371,31,0,5
BRDA:371,31,1,2
BRDA:372,32,0,4
BRDA:372,32,1,1
BRDA:393,33,0,3
BRDA:393,33,1,2
BRDA:395,34,0,1
BRDA:395,34,1,2
BRDA:429,35,0,7
BRDA:429,35,1,0
BRDA:437,36,0,10
BRDA:437,36,1,0
BRDA:440,37,0,0
BRDA:440,37,1,10
BRDA:443,38,0,4
BRDA:443,38,1,6
BRDA:445,39,0,0
BRDA:445,39,1,6
BRDA:469,40,0,2
BRDA:469,40,1,5
BRDA:472,41,0,0
BRDA:472,41,1,5
BRDA:475,42,0,0
BRDA:475,42,1,5
BRF:84
BRH:68
end_of_record
TN:
SF:./contracts/libraries/Util.sol
FN:11,upper
FN:28,stringToBytes32
FN:38,bytesToBytes32
FN:51,bytes32ToString
FN:74,getSig
FNF:5
FNH:5
FNDA:140,upper
FNDA:53,stringToBytes32
FNDA:53,bytesToBytes32
FNDA:148,bytes32ToString
FNDA:94,getSig
DA:12,140
DA:13,140
DA:14,454
DA:15,454
DA:16,132
DA:18,454
DA:20,140
DA:29,53
DA:39,53
DA:41,53
DA:42,173
DA:44,53
DA:52,148
DA:53,148
DA:54,148
DA:55,148
DA:56,4736
DA:57,4736
DA:58,489
DA:59,489
DA:62,148
DA:63,148
DA:64,489
DA:66,148
DA:75,94
DA:76,94
DA:77,376
DA:79,94
LF:28
LH:28
BRDA:15,1,0,132
BRDA:15,1,1,322
BRDA:57,2,0,489
BRDA:57,2,1,4247
BRF:4
BRH:4
end_of_record
TN:
SF:./contracts/libraries/VersionUtils.sol
FN:9,lessThanOrEqual
FN:21,greaterThanOrEqual
FN:39,pack
FN:47,unpack
FN:59,packKYC
FN:71,unpackKYC
FNF:6
FNH:6
FNDA:218,lessThanOrEqual
FNDA:214,greaterThanOrEqual
FNDA:376,pack
FNDA:442,unpack
FNDA:164,packKYC
FNDA:1173,unpackKYC
DA:10,218
DA:11,218
DA:12,218
DA:13,218
DA:14,627
DA:15,16
DA:16,4
DA:18,202
DA:22,214
DA:23,214
DA:24,214
DA:25,214
DA:26,618
DA:27,12
DA:28,12
DA:30,202
DA:40,376
DA:48,442
DA:49,442
DA:50,442
DA:51,442
DA:52,442
DA:64,164
DA:72,1173
DA:73,1173
DA:74,1173
DA:75,1173
LF:27
LH:27
BRDA:10,1,0,218
BRDA:10,1,1,0
BRDA:11,2,0,218
BRDA:11,2,1,0
BRDA:14,3,0,611
BRDA:14,3,1,16
BRDA:15,4,0,12
BRDA:15,4,1,4
BRDA:16,5,0,4
BRDA:16,5,1,0
BRDA:22,6,0,214
BRDA:22,6,1,0
BRDA:23,7,0,214
BRDA:23,7,1,0
BRDA:26,8,0,606
BRDA:26,8,1,12
BRDA:27,9,0,0
BRDA:27,9,1,12
BRDA:28,10,0,12
BRDA:28,10,1,0
BRF:20
BRH:13
end_of_record
TN:
SF:./contracts/libraries/VolumeRestrictionLib.sol
FN:19,deleteHolderFromList
FN:42,addRestrictionData
FN:65,isValidAmountAfterRestrictionChanges
FN:103,getRestrictionData
FN:154,_setValues
FN:173,_isVolRestricted
FN:178,_getTypeOfPeriod
FN:193,_isExistingInvestor
FN:199,_getKey
FNF:9
FNH:9
FNDA:9,deleteHolderFromList
FNDA:15,addRestrictionData
FNDA:88,isValidAmountAfterRestrictionChanges
FNDA:10,getRestrictionData
FNDA:28,_setValues
FNDA:113,_isVolRestricted
FNDA:15,_getTypeOfPeriod
FNDA:15,_isExistingInvestor
FNDA:155,_getKey
DA:33,9
DA:34,7
DA:35,7
DA:36,7
DA:38,2
DA:51,15
DA:52,15
DA:53,2
DA:55,2
DA:57,15
DA:58,11
DA:59,11
DA:61,15
DA:62,15
DA:78,88
DA:79,3
DA:80,3
DA:84,3
DA:86,3
DA:87,2
DA:90,86
DA:119,10
DA:120,10
DA:121,10
DA:122,10
DA:123,49
DA:124,22
DA:127,10
DA:128,10
DA:129,10
DA:130,10
DA:131,10
DA:132,10
DA:133,10
DA:134,10
DA:135,49
DA:136,22
DA:137,22
DA:138,14
DA:141,2
DA:144,6
DA:145,6
DA:146,6
DA:147,6
DA:149,22
DA:166,28
DA:167,28
DA:168,28
DA:169,28
DA:170,28
DA:174,113
DA:175,113
DA:187,15
DA:188,4
DA:190,11
DA:194,15
DA:196,15
DA:200,155
LF:58
LH:58
BRDA:33,1,0,7
BRDA:33,1,1,2
BRDA:52,2,0,2
BRDA:52,2,1,13
BRDA:57,3,0,11
BRDA:57,3,1,4
BRDA:78,4,0,3
BRDA:78,4,1,85
BRDA:84,5,0,3
BRDA:84,5,1,0
BRDA:86,6,0,2
BRDA:86,6,1,1
BRDA:123,7,0,22
BRDA:123,7,1,27
BRDA:135,8,0,22
BRDA:135,8,1,27
BRDA:137,9,0,14
BRDA:137,9,1,8
BRDA:140,10,0,2
BRDA:140,10,1,6
BRDA:143,11,0,6
BRDA:143,11,1,0
BRDA:187,12,0,4
BRDA:187,12,1,11
BRF:24
BRH:22
end_of_record
TN:
SF:./contracts/ModuleRegistry.sol
FN:74,onlyOwner
FN:82,whenNotPausedOrOwner
FN:93,whenNotPaused
FN:101,whenPaused
FN:111,constructor
FN:115,initialize
FN:132,useModule
FN:158,isCompatibleModule
FN:171,registerModule
FN:207,removeModule
FN:245,verifyModule
FN:258,unverifyModule
FN:276,getTagsByTypeAndToken
FN:287,getTagsByType
FN:298,_tagsByModules
FN:326,getFactoryDetails
FN:335,getModulesByType
FN:345,getModulesByTypeAndToken
FN:387,reclaimERC20
FN:397,pause
FN:406,unpause
FN:415,updateFromRegistry
FN:426,transferOwnership
FN:436,owner
FN:444,isPaused
FNF:25
FNH:25
FNDA:177,onlyOwner
FNDA:136,whenNotPausedOrOwner
FNDA:4,whenNotPaused
FNDA:4,whenPaused
FNDA:34,constructor
FNDA:38,initialize
FNDA:236,useModule
FNDA:214,isCompatibleModule
FNDA:128,registerModule
FNDA:6,removeModule
FNDA:119,verifyModule
FNDA:4,unverifyModule
FNDA:5,getTagsByTypeAndToken
FNDA:5,getTagsByType
FNDA:10,_tagsByModules
FNDA:8,getFactoryDetails
FNDA:23,getModulesByType
FNDA:12,getModulesByTypeAndToken
FNDA:3,reclaimERC20
FNDA:2,pause
FNDA:2,unpause
FNDA:34,updateFromRegistry
FNDA:3,transferOwnership
FNDA:446,owner
FNDA:19,isPaused
DA:75,177
DA:76,164
DA:83,136
DA:85,11
DA:86,9
DA:94,4
DA:95,4
DA:102,4
DA:103,4
DA:116,38
DA:117,38
DA:118,32
DA:119,32
DA:120,32
DA:121,32
DA:133,236
DA:134,9
DA:139,227
DA:143,230
DA:144,192
DA:145,188
DA:146,177
DA:147,177
DA:159,214
DA:160,214
DA:161,214
DA:162,214
DA:163,214
DA:164,214
DA:172,128
DA:173,4
DA:178,124
DA:180,124
DA:181,122
DA:183,122
DA:184,122
DA:185,122
DA:186,122
DA:187,42
DA:188,42
DA:191,120
DA:193,118
DA:194,118
DA:195,118
DA:199,118
DA:200,118
DA:208,6
DA:210,6
DA:211,4
DA:215,2
DA:216,2
DA:217,2
DA:220,2
DA:222,1
DA:223,1
DA:225,2
DA:228,2
DA:230,2
DA:232,2
DA:234,2
DA:235,2
DA:246,119
DA:247,117
DA:248,117
DA:260,4
DA:261,4
DA:262,4
DA:263,4
DA:264,4
DA:265,4
DA:266,4
DA:277,5
DA:278,5
DA:288,5
DA:289,5
DA:299,10
DA:300,10
DA:301,10
DA:302,10
DA:303,8
DA:305,10
DA:306,10
DA:307,10
DA:308,10
DA:309,10
DA:310,8
DA:311,8
DA:312,22
DA:313,22
DA:314,22
DA:317,10
DA:327,8
DA:336,23
DA:346,12
DA:347,12
DA:348,12
DA:351,12
DA:352,12
DA:353,20
DA:354,4
DA:358,7
DA:361,12
DA:362,12
DA:363,12
DA:364,20
DA:365,4
DA:368,2
DA:369,1
DA:370,1
DA:374,7
DA:375,4
DA:376,4
DA:380,12
DA:388,3
DA:389,1
DA:390,1
DA:391,1
DA:398,2
DA:400,2
DA:407,2
DA:409,2
DA:416,34
DA:417,34
DA:418,34
DA:419,34
DA:427,3
DA:428,2
DA:429,2
DA:437,446
DA:445,19
LF:130
LH:130
BRDA:75,1,0,164
BRDA:75,1,1,13
BRDA:83,2,0,125
BRDA:83,2,1,11
BRDA:85,3,0,9
BRDA:85,3,1,2
BRDA:94,4,0,4
BRDA:94,4,1,0
BRDA:102,5,0,4
BRDA:102,5,1,0
BRDA:116,6,0,38
BRDA:116,6,1,0
BRDA:117,7,0,32
BRDA:117,7,1,6
BRDA:133,8,0,9
BRDA:133,8,1,227
BRDA:134,9,0,7
BRDA:134,9,1,2
BRDA:139,10,0,223
BRDA:139,10,1,4
BRDA:143,11,0,192
BRDA:143,11,1,38
BRDA:144,12,0,188
BRDA:144,12,1,4
BRDA:145,13,0,177
BRDA:145,13,1,11
BRDA:172,14,0,4
BRDA:172,14,1,124
BRDA:173,15,0,4
BRDA:173,15,1,0
BRDA:178,16,0,120
BRDA:178,16,1,4
BRDA:180,17,0,122
BRDA:180,17,1,2
BRDA:188,18,0,40
BRDA:188,18,1,2
BRDA:191,19,0,118
BRDA:191,19,1,2
BRDA:210,20,0,4
BRDA:210,20,1,2
BRDA:211,21,0,2
BRDA:211,21,1,2
BRDA:220,22,0,1
BRDA:220,22,1,1
BRDA:246,23,0,117
BRDA:246,23,1,2
BRDA:263,24,0,4
BRDA:263,24,1,0
BRDA:264,25,0,4
BRDA:264,25,1,0
BRDA:353,26,0,4
BRDA:353,26,1,16
BRDA:354,27,0,2
BRDA:354,27,1,2
BRDA:356,28,0,1
BRDA:356,28,1,1
BRDA:357,29,0,7
BRDA:357,29,1,9
BRDA:358,30,0,4
BRDA:358,30,1,3
BRDA:364,31,0,4
BRDA:364,31,1,16
BRDA:365,32,0,2
BRDA:365,32,1,2
BRDA:368,33,0,1
BRDA:368,33,1,1
BRDA:373,34,0,7
BRDA:373,34,1,9
BRDA:374,35,0,4
BRDA:374,35,1,3
BRDA:388,36,0,1
BRDA:388,36,1,2
BRDA:391,37,0,1
BRDA:391,37,1,0
BRDA:427,38,0,2
BRDA:427,38,1,1
BRF:76
BRH:69
end_of_record
TN:
SF:./contracts/modules/Burn/IBurn.sol
FNF:0
FNH:0
LF:0
LH:0
BRF:0
BRH:0
end_of_record
TN:
SF:./contracts/modules/Checkpoint/Dividend/DividendCheckpoint.sol
FN:30,_validDividendIndex
FN:43,configure
FN:53,getInitFunction
FN:61,changeWallet
FN:66,_setWallet
FN:75,getDefaultExcluded
FN:82,getTreasuryWallet
FN:96,createCheckpoint
FN:104,setDefaultExcluded
FN:122,setWithholding
FN:137,setWithholdingFixed
FN:151,pushDividendPaymentToAddresses
FN:173,pushDividendPayment
FN:200,pullDividendPayment
FN:228,calculateDividend
FN:245,getDividendIndex
FN:280,updateDividendDates
FN:299,getDividendsData
FN:327,getDividendData
FN:353,getDividendProgress
FN:395,getCheckpointData
FN:411,isExcluded
FN:421,isClaimed
FN:430,getPermissions
FNF:24
FNH:23
FNDA:43,_validDividendIndex
FNDA:4,configure
FNDA:4,getInitFunction
FNDA:5,changeWallet
FNDA:7,_setWallet
FNDA:2,getDefaultExcluded
FNDA:12,getTreasuryWallet
FNDA:2,createCheckpoint
FNDA:10,setDefaultExcluded
FNDA:6,setWithholding
FNDA:5,setWithholdingFixed
FNDA:6,pushDividendPaymentToAddresses
FNDA:17,pushDividendPayment
FNDA:20,pullDividendPayment
FNDA:36,calculateDividend
FNDA:4,getDividendIndex
FNDA:6,updateDividendDates
FNDA:1,getDividendsData
FNDA:3,getDividendData
FNDA:3,getDividendProgress
FNDA:1,getCheckpointData
FNDA:1,isExcluded
FNDA:0,isClaimed
FNDA:2,getPermissions
DA:31,43
DA:32,31
DA:34,27
DA:36,23
DA:46,4
DA:54,4
DA:62,5
DA:63,3
DA:67,7
DA:68,7
DA:76,2
DA:83,12
DA:84,8
DA:85,8
DA:86,8
DA:89,4
DA:97,2
DA:105,10
DA:106,8
DA:107,158
DA:108,156
DA:109,11179
DA:112,4
DA:114,4
DA:123,6
DA:125,4
DA:126,4
DA:127,5
DA:128,3
DA:138,5
DA:140,3
DA:141,3
DA:142,3
DA:158,6
DA:159,2
DA:160,2
DA:161,4
DA:162,2
DA:182,17
DA:183,5
DA:184,5
DA:185,5
DA:188,5
DA:189,15
DA:190,15
DA:191,12
DA:201,20
DA:202,10
DA:203,10
DA:204,6
DA:205,4
DA:229,36
DA:230,35
DA:231,35
DA:232,6
DA:234,29
DA:235,29
DA:236,29
DA:237,29
DA:246,4
DA:247,4
DA:248,18
DA:249,2
DA:253,4
DA:254,4
DA:255,4
DA:256,18
DA:257,2
DA:258,2
DA:261,4
DA:281,6
DA:282,6
DA:283,6
DA:284,6
DA:285,2
DA:286,2
DA:287,2
DA:307,1
DA:308,1
DA:309,1
DA:310,1
DA:311,1
DA:312,1
DA:313,1
DA:314,1
DA:335,3
DA:336,3
DA:337,3
DA:338,3
DA:339,3
DA:340,3
DA:361,3
DA:363,3
DA:364,3
DA:365,3
DA:366,3
DA:367,3
DA:368,3
DA:369,3
DA:370,3
DA:371,3
DA:372,11
DA:373,11
DA:374,11
DA:375,11
DA:376,8
DA:377,3
DA:378,3
DA:380,5
DA:381,5
DA:382,5
DA:396,1
DA:397,1
DA:398,1
DA:399,1
DA:400,1
DA:401,4
DA:402,4
DA:412,1
DA:413,1
DA:422,0
DA:423,0
DA:431,2
DA:432,2
DA:433,2
DA:434,2
LF:126
LH:124
BRDA:31,1,0,31
BRDA:31,1,1,12
BRDA:32,2,0,27
BRDA:32,2,1,4
BRDA:34,3,0,23
BRDA:34,3,1,4
BRDA:36,4,0,17
BRDA:36,4,1,6
BRDA:83,5,0,8
BRDA:83,5,1,4
BRDA:85,6,0,8
BRDA:85,6,1,0
BRDA:105,7,0,8
BRDA:105,7,1,2
BRDA:107,8,0,156
BRDA:107,8,1,2
BRDA:109,9,0,11177
BRDA:109,9,1,2
BRDA:123,10,0,4
BRDA:123,10,1,2
BRDA:127,11,0,3
BRDA:127,11,1,2
BRDA:138,12,0,3
BRDA:138,12,1,2
BRDA:161,13,0,2
BRDA:161,13,1,2
BRDA:190,14,0,12
BRDA:190,14,1,3
BRDA:203,15,0,6
BRDA:203,15,1,4
BRDA:204,16,0,4
BRDA:204,16,1,2
BRDA:229,17,0,35
BRDA:229,17,1,1
BRDA:231,18,0,6
BRDA:231,18,1,29
BRDA:248,19,0,2
BRDA:248,19,1,16
BRDA:256,20,0,2
BRDA:256,20,1,16
BRDA:281,21,0,6
BRDA:281,21,1,0
BRDA:282,22,0,6
BRDA:282,22,1,0
BRDA:284,23,0,2
BRDA:284,23,1,4
BRDA:361,24,0,3
BRDA:361,24,1,0
BRDA:375,25,0,8
BRDA:375,25,1,3
BRDA:376,26,0,3
BRDA:376,26,1,5
BRDA:396,27,0,1
BRDA:396,27,1,0
BRDA:412,28,0,1
BRDA:412,28,1,0
BRDA:422,29,0,0
BRDA:422,29,1,0
BRF:58
BRH:50
end_of_record
TN:
SF:./contracts/modules/Checkpoint/Dividend/ERC20/ERC20DividendCheckpoint.sol
FN:38,constructor
FN:50,createDividend
FN:72,createDividendWithCheckpoint
FN:95,createDividendWithExclusions
FN:120,createDividendWithCheckpointAndExclusions
FN:145,_createDividendWithCheckpointAndExclusions
FN:202,_emitERC20DividendDepositedEvent
FN:234,_payDividend
FN:253,reclaimDividend
FN:269,withdrawWithholding
FNF:10
FNH:10
FNDA:4,constructor
FNDA:16,createDividend
FNDA:9,createDividendWithCheckpoint
FNDA:17,createDividendWithExclusions
FNDA:8,createDividendWithCheckpointAndExclusions
FNDA:34,_createDividendWithCheckpointAndExclusions
FNDA:8,_emitERC20DividendDepositedEvent
FNDA:6,_payDividend
FNDA:11,reclaimDividend
FNDA:3,withdrawWithholding
DA:60,16
DA:83,9
DA:106,17
DA:107,17
DA:132,8
DA:156,34
DA:157,34
DA:158,32
DA:160,28
DA:161,24
DA:162,22
DA:163,20
DA:164,18
DA:165,10
DA:166,8
DA:167,8
DA:168,8
DA:169,8
DA:170,8
DA:186,8
DA:187,6
DA:188,6
DA:189,6
DA:190,6
DA:193,8
DA:194,8
DA:195,8
DA:215,8
DA:235,6
DA:236,6
DA:237,6
DA:238,6
DA:239,6
DA:240,5
DA:242,6
DA:243,2
DA:244,2
DA:246,6
DA:254,11
DA:256,9
DA:257,7
DA:258,3
DA:259,3
DA:260,3
DA:261,3
DA:262,3
DA:270,3
DA:271,1
DA:272,1
DA:273,1
DA:274,1
DA:275,1
LF:52
LH:52
BRDA:157,1,0,32
BRDA:157,1,1,2
BRDA:158,2,0,28
BRDA:158,2,1,4
BRDA:160,3,0,24
BRDA:160,3,1,4
BRDA:161,4,0,22
BRDA:161,4,1,2
BRDA:162,5,0,20
BRDA:162,5,1,2
BRDA:163,6,0,18
BRDA:163,6,1,2
BRDA:164,7,0,10
BRDA:164,7,1,8
BRDA:165,8,0,8
BRDA:165,8,1,2
BRDA:168,9,0,8
BRDA:168,9,1,0
BRDA:187,10,0,6
BRDA:187,10,1,0
BRDA:188,11,0,6
BRDA:188,11,1,0
BRDA:239,12,0,5
BRDA:239,12,1,1
BRDA:240,13,0,5
BRDA:240,13,1,0
BRDA:242,14,0,2
BRDA:242,14,1,4
BRDA:254,15,0,9
BRDA:254,15,1,2
BRDA:256,16,0,7
BRDA:256,16,1,2
BRDA:257,17,0,3
BRDA:257,17,1,4
BRDA:261,18,0,3
BRDA:261,18,1,0
BRDA:270,19,0,1
BRDA:270,19,1,2
BRDA:274,20,0,1
BRDA:274,20,1,0
BRF:40
BRH:34
end_of_record
TN:
SF:./contracts/modules/Checkpoint/Dividend/ERC20/ERC20DividendCheckpointFactory.sol
FN:21,constructor
FN:46,deploy
FNF:2
FNH:2
FNDA:4,constructor
FNDA:4,deploy
DA:31,4
DA:32,4
DA:33,4
DA:34,4
DA:35,4
DA:36,4
DA:37,4
DA:38,4
DA:39,4
DA:47,4
DA:48,4
DA:49,2
LF:12
LH:12
BRF:0
BRH:0
end_of_record
TN:
SF:./contracts/modules/Checkpoint/Dividend/ERC20/ERC20DividendCheckpointProxy.sol
FN:19,constructor
FNF:1
FNH:1
FNDA:4,constructor
DA:28,4
DA:29,4
LF:2
LH:2
BRDA:28,1,0,4
BRDA:28,1,1,0
BRF:2
BRH:1
end_of_record
TN:
SF:./contracts/modules/Checkpoint/Dividend/ERC20/ERC20DividendCheckpointStorage.sol
FNF:0
FNH:0
LF:0
LH:0
BRF:0
BRH:0
end_of_record
TN:
SF:./contracts/modules/Checkpoint/Dividend/Ether/EtherDividendCheckpoint.sol
FN:31,constructor
FN:41,createDividend
FN:52,createDividendWithCheckpoint
FN:72,createDividendWithExclusions
FN:94,createDividendWithCheckpointAndExclusions
FN:116,_createDividendWithCheckpointAndExclusions
FN:169,_payDividend
FN:191,reclaimDividend
FN:208,withdrawWithholding
FNF:9
FNH:9
FNDA:4,constructor
FNDA:12,createDividend
FNDA:9,createDividendWithCheckpoint
FNDA:14,createDividendWithExclusions
FNDA:8,createDividendWithCheckpointAndExclusions
FNDA:31,_createDividendWithCheckpointAndExclusions
FNDA:12,_payDividend
FNDA:11,reclaimDividend
FNDA:7,withdrawWithholding
DA:42,12
DA:62,9
DA:82,14
DA:83,14
DA:105,8
DA:125,31
DA:126,29
DA:128,25
DA:129,21
DA:130,17
DA:131,15
DA:132,13
DA:133,13
DA:134,13
DA:135,13
DA:136,13
DA:152,13
DA:153,9
DA:154,7
DA:155,5
DA:156,5
DA:158,9
DA:160,9
DA:170,12
DA:171,12
DA:172,12
DA:174,12
DA:175,11
DA:176,11
DA:177,4
DA:178,4
DA:180,11
DA:182,1
DA:183,1
DA:192,11
DA:194,9
DA:195,7
DA:196,3
DA:197,3
DA:198,3
DA:199,3
DA:200,3
DA:201,3
DA:209,7
DA:210,5
DA:211,5
DA:212,5
DA:213,5
DA:214,5
DA:215,5
LF:50
LH:50
BRDA:125,1,0,29
BRDA:125,1,1,2
BRDA:126,2,0,25
BRDA:126,2,1,4
BRDA:128,3,0,21
BRDA:128,3,1,4
BRDA:129,4,0,17
BRDA:129,4,1,4
BRDA:130,5,0,15
BRDA:130,5,1,2
BRDA:131,6,0,13
BRDA:131,6,1,2
BRDA:134,7,0,13
BRDA:134,7,1,0
BRDA:153,8,0,7
BRDA:153,8,1,2
BRDA:154,9,0,5
BRDA:154,9,1,2
BRDA:174,10,0,11
BRDA:174,10,1,1
BRDA:176,11,0,4
BRDA:176,11,1,7
BRDA:192,12,0,9
BRDA:192,12,1,2
BRDA:194,13,0,7
BRDA:194,13,1,2
BRDA:195,14,0,3
BRDA:195,14,1,4
BRDA:209,15,0,5
BRDA:209,15,1,2
BRF:30
BRH:29
end_of_record
TN:
SF:./contracts/modules/Checkpoint/Dividend/Ether/EtherDividendCheckpointFactory.sol
FN:21,constructor
FN:46,deploy
FNF:2
FNH:2
FNDA:4,constructor
FNDA:4,deploy
DA:31,4
DA:32,4
DA:33,4
DA:34,4
DA:35,4
DA:36,4
DA:37,4
DA:38,4
DA:39,4
DA:47,4
DA:48,4
DA:49,2
LF:12
LH:12
BRF:0
BRH:0
end_of_record
TN:
SF:./contracts/modules/Checkpoint/Dividend/Ether/EtherDividendCheckpointProxy.sol
FN:18,constructor
FNF:1
FNH:1
FNDA:4,constructor
DA:27,4
DA:28,4
LF:2
LH:2
BRDA:27,1,0,4
BRDA:27,1,1,0
BRF:2
BRH:1
end_of_record
TN:
SF:./contracts/modules/Checkpoint/ICheckpoint.sol
FNF:0
FNH:0
LF:0
LH:0
BRF:0
BRH:0
end_of_record
TN:
SF:./contracts/modules/Checkpoint/Voting/PLCR/PLCRVotingCheckpoint.sol
FN:32,constructor
FN:46,createBallot
FN:69,createCustomBallot
FN:84,_createBallotWithCheckpoint
FN:130,commitVote
FN:150,revealVote
FN:177,changeBallotExemptedVotersList
FN:187,changeBallotExemptedVotersListMulti
FN:194,_changeBallotExemptedVotersList
FN:208,isVoterAllowed
FN:218,changeBallotStatus
FN:235,getCurrentBallotStage
FN:259,getBallotResults
FN:310,getSelectedProposal
FN:328,getBallotDetails
FN:346,getBallotCommitRevealDuration
FN:357,getInitFunction
FN:364,getPermissions
FN:370,_validValueCheck
FN:374,_validBallotId
FNF:20
FNH:20
FNDA:2,constructor
FNDA:13,createBallot
FNDA:5,createCustomBallot
FNDA:16,_createBallotWithCheckpoint
FNDA:21,commitVote
FNDA:18,revealVote
FNDA:7,changeBallotExemptedVotersList
FNDA:3,changeBallotExemptedVotersListMulti
FNDA:8,_changeBallotExemptedVotersList
FNDA:27,isVoterAllowed
FNDA:8,changeBallotStatus
FNDA:33,getCurrentBallotStage
FNDA:2,getBallotResults
FNDA:4,getSelectedProposal
FNDA:7,getBallotDetails
FNDA:1,getBallotCommitRevealDuration
FNDA:3,getInitFunction
FNDA:1,getPermissions
FNDA:42,_validValueCheck
FNDA:53,_validBallotId
DA:55,13
DA:56,13
DA:57,13
DA:80,5
DA:81,3
DA:95,16
DA:96,14
DA:97,12
DA:98,10
DA:100,8
DA:107,8
DA:110,6
DA:111,2
DA:112,2
DA:122,2
DA:131,21
DA:132,19
DA:133,15
DA:134,11
DA:135,11
DA:136,9
DA:137,7
DA:138,5
DA:139,5
DA:140,3
DA:141,3
DA:151,18
DA:152,16
DA:153,12
DA:154,12
DA:155,10
DA:156,6
DA:159,4
DA:163,2
DA:164,2
DA:165,2
DA:166,2
DA:167,2
DA:168,2
DA:178,7
DA:188,3
DA:189,1
DA:190,1
DA:195,8
DA:196,6
DA:197,4
DA:198,2
DA:199,2
DA:209,27
DA:210,27
DA:219,8
DA:220,8
DA:226,6
DA:227,4
DA:228,4
DA:236,33
DA:237,33
DA:238,33
DA:240,33
DA:241,2
DA:243,14
DA:245,15
DA:247,2
DA:266,2
DA:267,1
DA:269,1
DA:270,1
DA:271,1
DA:272,1
DA:273,1
DA:274,1
DA:275,1
DA:276,1
DA:277,3
DA:278,3
DA:279,1
DA:280,1
DA:281,1
DA:284,1
DA:285,1
DA:286,1
DA:287,3
DA:288,0
DA:292,1
DA:293,1
DA:294,0
DA:295,0
DA:296,0
DA:297,0
DA:298,0
DA:302,1
DA:311,4
DA:312,1
DA:313,3
DA:329,7
DA:330,7
DA:347,1
DA:348,1
DA:358,3
DA:365,1
DA:366,1
DA:367,1
DA:371,42
DA:375,53
LF:104
LH:98
BRDA:80,1,0,3
BRDA:80,1,1,2
BRDA:98,2,0,8
BRDA:98,2,1,2
BRDA:100,3,0,8
BRDA:100,3,1,0
BRDA:107,4,0,6
BRDA:107,4,1,2
BRDA:110,5,0,2
BRDA:110,5,1,4
BRDA:132,6,0,15
BRDA:132,6,1,4
BRDA:133,7,0,11
BRDA:133,7,1,4
BRDA:135,8,0,9
BRDA:135,8,1,2
BRDA:136,9,0,7
BRDA:136,9,1,2
BRDA:137,10,0,5
BRDA:137,10,1,2
BRDA:139,11,0,3
BRDA:139,11,1,2
BRDA:152,12,0,12
BRDA:152,12,1,4
BRDA:154,13,0,10
BRDA:154,13,1,2
BRDA:155,14,0,6
BRDA:155,14,1,4
BRDA:156,15,0,4
BRDA:156,15,1,2
BRDA:159,16,0,2
BRDA:159,16,1,2
BRDA:188,17,0,1
BRDA:188,17,1,2
BRDA:195,18,0,6
BRDA:195,18,1,2
BRDA:197,19,0,2
BRDA:197,19,1,2
BRDA:220,20,0,6
BRDA:220,20,1,2
BRDA:226,21,0,4
BRDA:226,21,1,2
BRDA:240,22,0,2
BRDA:240,22,1,31
BRDA:242,23,0,14
BRDA:242,23,1,17
BRDA:244,24,0,15
BRDA:244,24,1,2
BRDA:246,25,0,2
BRDA:246,25,1,0
BRDA:266,26,0,1
BRDA:266,26,1,1
BRDA:278,27,0,1
BRDA:278,27,1,2
BRDA:280,28,0,1
BRDA:280,28,1,0
BRDA:284,29,0,1
BRDA:284,29,1,0
BRDA:287,30,0,0
BRDA:287,30,1,3
BRDA:293,31,0,0
BRDA:293,31,1,1
BRDA:296,32,0,0
BRDA:296,32,1,0
BRDA:311,33,0,1
BRDA:311,33,1,3
BRDA:371,34,0,36
BRDA:371,34,1,6
BRDA:375,35,0,47
BRDA:375,35,1,6
BRF:70
BRH:62
end_of_record
TN:
SF:./contracts/modules/Checkpoint/Voting/PLCR/PLCRVotingCheckpointFactory.sol
FN:21,constructor
FN:48,deploy
FNF:2
FNH:2
FNDA:2,constructor
FNDA:2,deploy
DA:31,2
DA:32,2
DA:33,2
DA:34,2
DA:35,2
DA:36,2
DA:37,2
DA:38,2
DA:39,2
DA:40,2
DA:49,2
DA:50,2
DA:51,2
LF:13
LH:13
BRF:0
BRH:0
end_of_record
TN:
SF:./contracts/modules/Checkpoint/Voting/PLCR/PLCRVotingCheckpointProxy.sol
FN:19,constructor
FNF:1
FNH:1
FNDA:2,constructor
DA:28,2
DA:29,2
LF:2
LH:2
BRDA:28,1,0,2
BRDA:28,1,1,0
BRF:2
BRH:1
end_of_record
TN:
SF:./contracts/modules/Checkpoint/Voting/PLCR/PLCRVotingCheckpointStorage.sol
FNF:0
FNH:0
LF:0
LH:0
BRF:0
BRH:0
end_of_record
TN:
SF:./contracts/modules/Checkpoint/Voting/Transparent/WeightedVoteCheckpoint.sol
FN:33,constructor
FN:43,getInitFunction
FN:53,createBallot
FN:60,_createCustomBallot
FN:95,createCustomBallot
FN:106,castVote
FN:129,changeBallotExemptedVotersList
FN:139,changeBallotExemptedVotersListMulti
FN:146,_changeBallotExemptedVotersList
FN:160,isVoterAllowed
FN:171,changeBallotStatus
FN:187,getBallotResults
FN:238,getSelectedProposal
FN:256,getBallotDetails
FN:274,getPermissions
FN:280,_validBallotId
FNF:16
FNH:16
FNDA:2,constructor
FNDA:3,getInitFunction
FNDA:9,createBallot
FNDA:9,_createCustomBallot
FNDA:6,createCustomBallot
FNDA:19,castVote
FNDA:7,changeBallotExemptedVotersList
FNDA:3,changeBallotExemptedVotersListMulti
FNDA:8,_changeBallotExemptedVotersList
FNDA:19,isVoterAllowed
FNDA:4,changeBallotStatus
FNDA:2,getBallotResults
FNDA:4,getSelectedProposal
FNDA:3,getBallotDetails
FNDA:1,getPermissions
FNDA:25,_validBallotId
DA:44,3
DA:54,9
DA:55,7
DA:56,7
DA:57,7
DA:69,9
DA:70,3
DA:71,1
DA:72,1
DA:78,1
DA:79,1
DA:84,1
DA:96,6
DA:97,4
DA:98,2
DA:107,19
DA:108,17
DA:109,17
DA:110,13
DA:111,13
DA:112,9
DA:113,7
DA:114,7
DA:115,5
DA:117,3
DA:118,3
DA:119,3
DA:120,3
DA:130,7
DA:140,3
DA:141,1
DA:142,1
DA:147,8
DA:148,6
DA:149,4
DA:150,2
DA:151,2
DA:161,19
DA:162,19
DA:172,4
DA:173,2
DA:174,2
DA:175,2
DA:194,2
DA:195,1
DA:197,1
DA:198,1
DA:199,1
DA:200,1
DA:201,1
DA:202,1
DA:203,1
DA:204,1
DA:205,3
DA:206,3
DA:207,1
DA:208,1
DA:209,1
DA:212,1
DA:213,1
DA:214,1
DA:215,3
DA:216,0
DA:220,1
DA:221,1
DA:222,0
DA:223,0
DA:224,0
DA:225,0
DA:226,0
DA:230,1
DA:239,4
DA:240,1
DA:241,3
DA:257,3
DA:258,3
DA:275,1
DA:276,1
DA:277,1
DA:281,25
LF:80
LH:74
BRDA:54,1,0,7
BRDA:54,1,1,2
BRDA:69,2,0,3
BRDA:69,2,1,6
BRDA:70,3,0,1
BRDA:70,3,1,2
BRDA:71,4,0,1
BRDA:71,4,1,0
BRDA:72,5,0,1
BRDA:72,5,1,0
BRDA:96,6,0,4
BRDA:96,6,1,2
BRDA:97,7,0,2
BRDA:97,7,1,2
BRDA:109,8,0,13
BRDA:109,8,1,4
BRDA:111,9,0,9
BRDA:111,9,1,4
BRDA:112,10,0,7
BRDA:112,10,1,2
BRDA:113,11,0,7
BRDA:113,11,1,0
BRDA:114,12,0,5
BRDA:114,12,1,2
BRDA:115,13,0,3
BRDA:115,13,1,2
BRDA:140,14,0,1
BRDA:140,14,1,2
BRDA:147,15,0,6
BRDA:147,15,1,2
BRDA:149,16,0,2
BRDA:149,16,1,2
BRDA:172,17,0,2
BRDA:172,17,1,2
BRDA:173,18,0,2
BRDA:173,18,1,0
BRDA:194,19,0,1
BRDA:194,19,1,1
BRDA:206,20,0,1
BRDA:206,20,1,2
BRDA:208,21,0,1
BRDA:208,21,1,0
BRDA:212,22,0,1
BRDA:212,22,1,0
BRDA:215,23,0,0
BRDA:215,23,1,3
BRDA:221,24,0,0
BRDA:221,24,1,1
BRDA:224,25,0,0
BRDA:224,25,1,0
BRDA:239,26,0,1
BRDA:239,26,1,3
BRDA:281,27,0,21
BRDA:281,27,1,4
BRF:54
BRH:44
end_of_record
TN:
SF:./contracts/modules/Checkpoint/Voting/Transparent/WeightedVoteCheckpointFactory.sol
FN:21,constructor
FN:47,deploy
FNF:2
FNH:2
FNDA:2,constructor
FNDA:2,deploy
DA:31,2
DA:32,2
DA:33,2
DA:34,2
DA:35,2
DA:36,2
DA:37,2
DA:38,2
DA:39,2
DA:40,2
DA:48,2
DA:49,2
DA:50,2
LF:13
LH:13
BRF:0
BRH:0
end_of_record
TN:
SF:./contracts/modules/Checkpoint/Voting/Transparent/WeightedVoteCheckpointProxy.sol
FN:19,constructor
FNF:1
FNH:1
FNDA:2,constructor
DA:28,2
DA:29,2
LF:2
LH:2
BRDA:28,1,0,2
BRDA:28,1,1,0
BRF:2
BRH:1
end_of_record
TN:
SF:./contracts/modules/Checkpoint/Voting/Transparent/WeightedVoteCheckpointStorage.sol
FNF:0
FNH:0
LF:0
LH:0
BRF:0
BRH:0
end_of_record
TN:
SF:./contracts/modules/Checkpoint/Voting/VotingCheckpoint.sol
FN:17,changeDefaultExemptedVotersList
FN:26,changeDefaultExemptedVotersListMulti
FN:33,_changeDefaultExemptedVotersList
FN:53,getDefaultExemptionVotersList
FNF:4
FNH:4
FNDA:12,changeDefaultExemptedVotersList
FNDA:5,changeDefaultExemptedVotersListMulti
FNDA:18,_changeDefaultExemptedVotersList
FNDA:1,getDefaultExemptionVotersList
DA:18,12
DA:27,5
DA:28,3
DA:29,6
DA:34,18
DA:35,14
DA:36,10
DA:37,5
DA:38,5
DA:40,5
DA:41,2
DA:42,2
DA:44,5
DA:45,5
DA:47,10
DA:54,1
LF:16
LH:16
BRDA:27,1,0,3
BRDA:27,1,1,2
BRDA:34,2,0,14
BRDA:34,2,1,4
BRDA:35,3,0,10
BRDA:35,3,1,4
BRDA:36,4,0,5
BRDA:36,4,1,5
BRDA:40,5,0,2
BRDA:40,5,1,3
BRF:10
BRH:10
end_of_record
TN:
SF:./contracts/modules/Module.sol
FN:22,constructor
FN:28,withPerm
FN:33,_checkPerm
FN:39,_onlySecurityTokenOwner
FN:43,onlyFactory
FN:48,onlyFactoryOwner
FN:53,onlyFactoryOrOwner
FN:61,pause
FN:69,unpause
FN:77,takeUsageFee
FN:85,getDataStore
FN:94,reclaimERC20
FN:106,reclaimETH
FNF:13
FNH:11
FNDA:126,constructor
FNDA:1025,withPerm
FNDA:1039,_checkPerm
FNDA:102,_onlySecurityTokenOwner
FNDA:92,onlyFactory
FNDA:0,onlyFactoryOwner
FNDA:0,onlyFactoryOrOwner
FNDA:11,pause
FNDA:11,unpause
FNDA:3,takeUsageFee
FNDA:1165,getDataStore
FNDA:15,reclaimERC20
FNDA:6,reclaimETH
DA:29,1025
DA:30,865
DA:34,1039
DA:35,1039
DA:36,1039
DA:40,102
DA:44,92
DA:45,90
DA:49,0
DA:50,0
DA:54,0
DA:55,0
DA:62,11
DA:63,7
DA:70,11
DA:71,7
DA:78,3
DA:79,1
DA:86,1165
DA:95,15
DA:96,9
DA:97,5
DA:98,5
DA:99,5
DA:107,6
DA:108,2
LF:26
LH:22
BRDA:29,1,0,865
BRDA:29,1,1,160
BRDA:40,2,0,76
BRDA:40,2,1,26
BRDA:44,3,0,90
BRDA:44,3,1,2
BRDA:49,4,0,0
BRDA:49,4,1,0
BRDA:54,5,0,0
BRDA:54,5,1,0
BRDA:78,6,0,1
BRDA:78,6,1,2
BRDA:96,7,0,5
BRDA:96,7,1,4
BRDA:99,8,0,5
BRDA:99,8,1,0
BRF:16
BRH:11
end_of_record
TN:
SF:./contracts/modules/ModuleFactory.sol
FN:45,constructor
FN:55,types
FN:62,tags
FN:69,version
FN:77,changeSetupCost
FN:86,changeUsageCost
FN:97,changeCostsAndType
FN:110,changeTitle
FN:119,changeDescription
FN:128,changeName
FN:137,changeTags
FN:147,changeSTVersionBounds
FN:171,lowerSTVersionBounds
FN:179,upperSTVersionBounds
FN:186,setupCostInPoly
FN:196,usageCostInPoly
FN:206,_takeFee
FN:220,_initializeModule
FNF:18
FNH:17
FNDA:129,constructor
FNDA:465,types
FNDA:32,tags
FNDA:1,version
FNDA:1,changeSetupCost
FNDA:2,changeUsageCost
FNDA:1,changeCostsAndType
FNDA:3,changeTitle
FNDA:3,changeDescription
FNDA:4,changeName
FNDA:0,changeTags
FNDA:10,changeSTVersionBounds
FNDA:215,lowerSTVersionBounds
FNDA:215,upperSTVersionBounds
FNDA:426,setupCostInPoly
FNDA:5,usageCostInPoly
FNDA:207,_takeFee
FNDA:207,_initializeModule
DA:46,129
DA:47,129
DA:48,129
DA:49,129
DA:56,465
DA:63,32
DA:70,1
DA:78,1
DA:79,1
DA:87,2
DA:88,2
DA:98,1
DA:99,1
DA:100,1
DA:101,1
DA:102,1
DA:103,1
DA:111,3
DA:112,1
DA:120,3
DA:121,1
DA:129,4
DA:130,2
DA:138,0
DA:139,0
DA:148,10
DA:154,8
DA:155,6
DA:156,4
DA:157,4
DA:158,4
DA:160,0
DA:163,4
DA:164,4
DA:172,215
DA:180,215
DA:187,426
DA:188,82
DA:189,344
DA:190,344
DA:197,5
DA:198,5
DA:199,0
DA:200,0
DA:207,207
DA:208,207
DA:209,207
DA:210,82
DA:212,177
DA:221,207
DA:222,177
DA:223,177
DA:224,94
DA:226,90
DA:227,90
DA:230,145
LF:56
LH:51
BRDA:111,1,0,1
BRDA:111,1,1,2
BRDA:120,2,0,1
BRDA:120,2,1,2
BRDA:129,3,0,2
BRDA:129,3,1,2
BRDA:138,4,0,0
BRDA:138,4,1,0
BRDA:148,5,0,8
BRDA:148,5,1,2
BRDA:154,6,0,6
BRDA:154,6,1,2
BRDA:155,7,0,4
BRDA:155,7,1,2
BRDA:157,8,0,4
BRDA:157,8,1,0
BRDA:158,9,0,2
BRDA:158,9,1,2
BRDA:160,10,0,0
BRDA:160,10,1,0
BRDA:187,11,0,82
BRDA:187,11,1,344
BRDA:197,12,0,5
BRDA:197,12,1,0
BRDA:209,13,0,82
BRDA:209,13,1,125
BRDA:210,14,0,52
BRDA:210,14,1,30
BRDA:223,15,0,94
BRDA:223,15,1,83
BRDA:224,16,0,90
BRDA:224,16,1,4
BRDA:227,17,0,62
BRDA:227,17,1,28
BRF:34
BRH:28
end_of_record
TN:
SF:./contracts/modules/PermissionManager/GeneralPermissionManager.sol
FN:19,constructor
FN:27,getInitFunction
FN:38,checkPermission
FN:49,addDelegate
FN:63,deleteDelegate
FN:80,checkDelegate
FN:96,changePermission
FN:109,changePermissionMulti
FN:132,getAllDelegatesWithPerm
FN:159,getAllModulesAndPermsFromTypes
FN:208,_changePermission
FN:218,getAllDelegates
FN:226,getPermissions
FNF:13
FNH:13
FNDA:24,constructor
FNDA:19,getInitFunction
FNDA:323,checkPermission
FNDA:24,addDelegate
FNDA:3,deleteDelegate
FNDA:70,checkDelegate
FNDA:17,changePermission
FNDA:9,changePermissionMulti
FNDA:2,getAllDelegatesWithPerm
FNDA:1,getAllModulesAndPermsFromTypes
FNDA:19,_changePermission
FNDA:2,getAllDelegates
FNDA:3,getPermissions
DA:28,19
DA:39,323
DA:40,196
DA:50,24
DA:51,22
DA:52,20
DA:53,18
DA:54,18
DA:56,18
DA:64,3
DA:65,1
DA:66,1
DA:67,1
DA:68,1
DA:69,1
DA:72,1
DA:81,70
DA:83,69
DA:84,46
DA:97,17
DA:98,17
DA:118,9
DA:119,9
DA:120,7
DA:121,1
DA:122,2
DA:133,2
DA:134,2
DA:135,2
DA:136,6
DA:137,3
DA:140,2
DA:141,2
DA:142,2
DA:143,6
DA:144,3
DA:145,3
DA:148,2
DA:163,1
DA:165,1
DA:166,2
DA:168,2
DA:169,2
DA:171,2
DA:172,2
DA:173,2
DA:179,1
DA:180,1
DA:181,1
DA:183,1
DA:184,2
DA:185,2
DA:186,2
DA:187,2
DA:188,2
DA:189,2
DA:190,2
DA:191,2
DA:197,1
DA:209,19
DA:211,19
DA:219,2
DA:227,3
DA:228,3
DA:229,3
LF:65
LH:65
BRDA:39,1,0,196
BRDA:39,1,1,127
BRDA:50,2,0,22
BRDA:50,2,1,2
BRDA:51,3,0,20
BRDA:51,3,1,2
BRDA:52,4,0,18
BRDA:52,4,1,2
BRDA:64,5,0,1
BRDA:64,5,1,2
BRDA:67,6,0,1
BRDA:67,6,1,0
BRDA:81,7,0,69
BRDA:81,7,1,1
BRDA:83,8,0,46
BRDA:83,8,1,23
BRDA:97,9,0,17
BRDA:97,9,1,0
BRDA:118,10,0,9
BRDA:118,10,1,0
BRDA:119,11,0,7
BRDA:119,11,1,2
BRDA:120,12,0,1
BRDA:120,12,1,6
BRDA:136,13,0,3
BRDA:136,13,1,3
BRDA:143,14,0,3
BRDA:143,14,1,3
BRDA:172,15,0,2
BRDA:172,15,1,0
BRDA:188,16,0,2
BRDA:188,16,1,0
BRF:32
BRH:27
end_of_record
TN:
SF:./contracts/modules/PermissionManager/GeneralPermissionManagerFactory.sol
FN:19,constructor
FN:42,deploy
FNF:2
FNH:2
FNDA:24,constructor
FNDA:22,deploy
DA:29,24
DA:30,24
DA:31,24
DA:32,24
DA:33,24
DA:34,24
DA:35,24
DA:48,22
DA:49,22
DA:50,18
LF:10
LH:10
BRF:0
BRH:0
end_of_record
TN:
SF:./contracts/modules/PermissionManager/GeneralPermissionManagerProxy.sol
FN:20,constructor
FNF:1
FNH:1
FNDA:22,constructor
DA:29,22
DA:33,22
LF:2
LH:2
BRDA:29,1,0,22
BRDA:29,1,1,0
BRF:2
BRH:1
end_of_record
TN:
SF:./contracts/modules/PermissionManager/GeneralPermissionManagerStorage.sol
FNF:0
FNH:0
LF:0
LH:0
BRF:0
BRH:0
end_of_record
TN:
SF:./contracts/modules/PermissionManager/IPermissionManager.sol
FNF:0
FNH:0
LF:0
LH:0
BRF:0
BRH:0
end_of_record
TN:
SF:./contracts/modules/STO/Capped/CappedSTO.sol
FN:25,constructor
FN:33,fallback
FN:46,configure
FN:75,getInitFunction
FN:83,changeAllowBeneficialInvestments
FN:94,buyTokens
FN:112,buyTokensWithPoly
FN:122,capReached
FN:129,getTokensSold
FN:136,getPermissions
FN:152,getSTODetails
FN:166,_processTx
FN:192,_preValidatePurchase
FN:206,_deliverTokens
FN:215,_processPurchase
FN:230,_getTokenAmount
FN:246,_forwardFunds
FN:257,_forwardPoly
FNF:18
FNH:18
FNDA:8,constructor
FNDA:9,fallback
FNDA:30,configure
FNDA:32,getInitFunction
FNDA:3,changeAllowBeneficialInvestments
FNDA:33,buyTokens
FNDA:10,buyTokensWithPoly
FNDA:1,capReached
FNDA:1,getTokensSold
FNDA:1,getPermissions
FNDA:1,getSTODetails
FNDA:36,_processTx
FNDA:36,_preValidatePurchase
FNDA:28,_deliverTokens
FNDA:28,_processPurchase
FNDA:30,_getTokenAmount
FNDA:20,_forwardFunds
FNDA:4,_forwardPoly
DA:34,9
DA:57,30
DA:58,30
DA:59,28
DA:61,26
DA:62,24
DA:63,22
DA:64,20
DA:65,20
DA:66,20
DA:67,20
DA:68,20
DA:69,20
DA:76,32
DA:84,3
DA:85,3
DA:86,1
DA:87,1
DA:95,33
DA:96,32
DA:99,29
DA:101,28
DA:102,28
DA:103,20
DA:105,20
DA:113,10
DA:114,8
DA:115,4
DA:123,1
DA:130,1
DA:137,1
DA:138,1
DA:153,1
DA:167,36
DA:169,30
DA:170,30
DA:171,28
DA:174,28
DA:175,4
DA:177,24
DA:179,28
DA:181,28
DA:182,24
DA:193,36
DA:194,36
DA:195,34
DA:197,34
DA:207,28
DA:216,28
DA:217,24
DA:219,28
DA:221,28
DA:231,30
DA:232,30
DA:233,30
DA:234,2
DA:236,30
DA:237,30
DA:238,30
DA:239,30
DA:240,28
DA:247,20
DA:248,20
DA:258,4
LF:64
LH:64
BRDA:57,1,0,30
BRDA:57,1,1,0
BRDA:58,2,0,28
BRDA:58,2,1,2
BRDA:59,3,0,26
BRDA:59,3,1,2
BRDA:61,4,0,24
BRDA:61,4,1,2
BRDA:62,5,0,22
BRDA:62,5,1,2
BRDA:63,6,0,20
BRDA:63,6,1,2
BRDA:85,7,0,1
BRDA:85,7,1,2
BRDA:95,8,0,32
BRDA:95,8,1,1
BRDA:96,9,0,28
BRDA:96,9,1,4
BRDA:99,10,0,28
BRDA:99,10,1,1
BRDA:113,11,0,8
BRDA:113,11,1,2
BRDA:174,12,0,4
BRDA:174,12,1,24
BRDA:193,13,0,36
BRDA:193,13,1,0
BRDA:194,14,0,34
BRDA:194,14,1,2
BRDA:195,15,0,34
BRDA:195,15,1,0
BRDA:197,16,0,30
BRDA:197,16,1,4
BRDA:216,17,0,24
BRDA:216,17,1,4
BRDA:233,18,0,2
BRDA:233,18,1,28
BRDA:239,19,0,28
BRDA:239,19,1,2
BRF:38
BRH:35
end_of_record
TN:
SF:./contracts/modules/STO/Capped/CappedSTOFactory.sol
FN:21,constructor
FN:48,deploy
FNF:2
FNH:2
FNDA:11,constructor
FNDA:36,deploy
DA:31,11
DA:32,11
DA:33,11
DA:34,11
DA:35,11
DA:36,11
DA:37,11
DA:38,11
DA:39,11
DA:40,11
DA:49,36
DA:50,36
DA:51,20
LF:13
LH:13
BRF:0
BRH:0
end_of_record
TN:
SF:./contracts/modules/STO/Capped/CappedSTOProxy.sol
FN:21,constructor
FNF:1
FNH:1
FNDA:36,constructor
DA:30,36
DA:34,36
LF:2
LH:2
BRDA:30,1,0,36
BRDA:30,1,1,0
BRF:2
BRH:1
end_of_record
TN:
SF:./contracts/modules/STO/Capped/CappedSTOStorage.sol
FNF:0
FNH:0
LF:0
LH:0
BRF:0
BRH:0
end_of_record
TN:
SF:./contracts/modules/STO/PreSale/PreSaleSTO.sol
FN:19,constructor
FN:27,configure
FN:35,getInitFunction
FN:42,getNumberInvestors
FN:49,getTokensSold
FN:56,getPermissions
FN:69,allocateTokens
FN:100,allocateTokensMulti
FNF:8
FNH:8
FNDA:3,constructor
FNDA:8,configure
FNDA:10,getInitFunction
FNDA:4,getNumberInvestors
FNDA:1,getTokensSold
FNDA:1,getPermissions
FNDA:13,allocateTokens
FNDA:9,allocateTokensMulti
DA:28,8
DA:29,6
DA:36,10
DA:43,4
DA:50,1
DA:57,1
DA:58,1
DA:59,1
DA:79,13
DA:80,11
DA:81,9
DA:82,9
DA:83,7
DA:84,6
DA:86,7
DA:87,7
DA:88,7
DA:89,7
DA:90,7
DA:109,9
DA:110,7
DA:111,1
DA:112,1
DA:113,2
LF:24
LH:24
BRDA:28,1,0,6
BRDA:28,1,1,2
BRDA:79,2,0,11
BRDA:79,2,1,2
BRDA:80,3,0,9
BRDA:80,3,1,2
BRDA:81,4,0,9
BRDA:81,4,1,0
BRDA:83,5,0,6
BRDA:83,5,1,1
BRDA:109,6,0,7
BRDA:109,6,1,2
BRDA:110,7,0,1
BRDA:110,7,1,6
BRDA:111,8,0,1
BRDA:111,8,1,0
BRF:16
BRH:14
end_of_record
TN:
SF:./contracts/modules/STO/PreSale/PreSaleSTOFactory.sol
FN:21,constructor
FN:46,deploy
FNF:2
FNH:2
FNDA:3,constructor
FNDA:10,deploy
DA:31,3
DA:32,3
DA:33,3
DA:34,3
DA:35,3
DA:36,3
DA:37,3
DA:38,3
DA:47,10
DA:48,10
DA:49,6
LF:11
LH:11
BRF:0
BRH:0
end_of_record
TN:
SF:./contracts/modules/STO/PreSale/PreSaleSTOProxy.sol
FN:21,constructor
FNF:1
FNH:1
FNDA:10,constructor
DA:25,10
DA:29,10
LF:2
LH:2
BRDA:25,1,0,10
BRDA:25,1,1,0
BRF:2
BRH:1
end_of_record
TN:
SF:./contracts/modules/STO/PreSale/PreSaleSTOStorage.sol
FNF:0
FNH:0
LF:0
LH:0
BRF:0
BRH:0
end_of_record
TN:
SF:./contracts/modules/STO/STO.sol
FN:23,getRaised
FN:36,pause
FN:42,_setFundRaiseType
FN:54,_canBuy
FN:60,_getKey
FNF:5
FNH:5
FNDA:43,getRaised
FNDA:6,pause
FNDA:32,_setFundRaiseType
FNDA:233,_canBuy
FNDA:308,_getKey
DA:24,43
DA:38,6
DA:39,6
DA:44,32
DA:45,32
DA:46,32
DA:47,32
DA:48,32
DA:49,51
DA:51,32
DA:55,233
DA:56,233
DA:57,233
DA:61,308
LF:14
LH:14
BRDA:38,1,0,6
BRDA:38,1,1,0
BRDA:44,2,0,32
BRDA:44,2,1,0
BRF:4
BRH:2
end_of_record
TN:
SF:./contracts/modules/STO/USDTiered/USDTieredSTO.sol
FN:59,validETH
FN:65,validPOLY
FN:71,validSC
FN:80,constructor
FN:97,configure
FN:129,modifyFunding
FN:140,modifyLimits
FN:153,modifyTiers
FN:171,modifyTimes
FN:177,_isSTOStarted
FN:188,modifyAddresses
FN:193,_modifyLimits
FN:199,_modifyTiers
FN:224,_modifyTimes
FN:232,_modifyAddresses
FN:240,_modifyUSDTokens
FN:261,finalize
FN:292,changeNonAccreditedLimit
FN:308,getAccreditedData
FN:323,changeAllowBeneficialInvestments
FN:337,fallback
FN:342,buyWithETH
FN:346,buyWithPOLY
FN:350,buyWithUSD
FN:359,buyWithETHRateLimited
FN:378,buyWithPOLYRateLimited
FN:389,buyWithUSDRateLimited
FN:395,_buyWithTokens
FN:408,_getSpentvalues
FN:422,_buyTokens
FN:468,_buyTokensChecks
FN:492,_calculateTier
FN:531,_purchaseTier
FN:565,_isAccredited
FN:570,_getIsAccredited
FN:584,isOpen
FN:595,capReached
FN:606,getRate
FN:622,convertToUSD
FN:632,convertFromUSD
FN:640,getTokensSold
FN:650,getTokensMinted
FN:661,getTokensSoldFor
FN:672,getTokensMintedByTier
FN:685,getTokensSoldByTier
FN:697,getNumberOfTiers
FN:705,getUsdTokens
FN:712,getPermissions
FN:728,getSTODetails
FN:756,getInitFunction
FN:760,_getOracle
FNF:51
FNH:51
FNDA:77,validETH
FNDA:80,validPOLY
FNDA:38,validSC
FNDA:4,constructor
FNDA:23,configure
FNDA:5,modifyFunding
FNDA:3,modifyLimits
FNDA:3,modifyTiers
FNDA:6,modifyTimes
FNDA:15,_isSTOStarted
FNDA:4,modifyAddresses
FNDA:8,_modifyLimits
FNDA:20,_modifyTiers
FNDA:25,_modifyTimes
FNDA:13,_modifyAddresses
FNDA:11,_modifyUSDTokens
FNDA:3,finalize
FNDA:1,changeNonAccreditedLimit
FNDA:2,getAccreditedData
FNDA:3,changeAllowBeneficialInvestments
FNDA:4,fallback
FNDA:71,buyWithETH
FNDA:78,buyWithPOLY
FNDA:38,buyWithUSD
FNDA:77,buyWithETHRateLimited
FNDA:80,buyWithPOLYRateLimited
FNDA:30,buyWithUSDRateLimited
FNDA:110,_buyWithTokens
FNDA:187,_getSpentvalues
FNDA:175,_buyTokens
FNDA:175,_buyTokensChecks
FNDA:63,_calculateTier
FNDA:64,_purchaseTier
FNDA:71,_isAccredited
FNDA:75,_getIsAccredited
FNDA:181,isOpen
FNDA:146,capReached
FNDA:258,getRate
FNDA:2,convertToUSD
FNDA:69,convertFromUSD
FNDA:64,getTokensSold
FNDA:339,getTokensMinted
FNDA:12,getTokensSoldFor
FNDA:1,getTokensMintedByTier
FNDA:1,getTokensSoldByTier
FNDA:2,getNumberOfTiers
FNDA:5,getUsdTokens
FNDA:2,getPermissions
FNDA:1,getSTODetails
FNDA:23,getInitFunction
FNDA:385,_getOracle
DA:60,77
DA:61,77
DA:62,77
DA:66,80
DA:67,80
DA:68,80
DA:72,38
DA:73,30
DA:114,23
DA:115,23
DA:116,23
DA:117,23
DA:118,19
DA:120,9
DA:121,9
DA:122,7
DA:130,5
DA:131,5
DA:132,3
DA:141,3
DA:142,3
DA:143,1
DA:161,3
DA:162,3
DA:163,1
DA:172,6
DA:173,4
DA:174,2
DA:179,15
DA:189,4
DA:190,4
DA:194,8
DA:195,8
DA:196,8
DA:207,20
DA:214,12
DA:215,12
DA:216,27
DA:217,25
DA:218,25
DA:219,25
DA:221,10
DA:226,25
DA:227,21
DA:228,21
DA:229,21
DA:233,13
DA:234,11
DA:235,11
DA:236,11
DA:237,11
DA:241,11
DA:242,11
DA:243,4
DA:245,11
DA:246,11
DA:247,11
DA:248,11
DA:250,11
DA:262,3
DA:263,3
DA:264,1
DA:265,1
DA:266,1
DA:267,1
DA:268,1
DA:269,2
DA:270,2
DA:271,2
DA:272,2
DA:273,2
DA:276,1
DA:277,1
DA:278,1
DA:279,1
DA:280,1
DA:281,1
DA:282,1
DA:283,1
DA:284,1
DA:293,1
DA:295,1
DA:296,1
DA:297,1
DA:298,1
DA:309,2
DA:310,2
DA:311,2
DA:312,2
DA:313,2
DA:314,4
DA:315,4
DA:324,3
DA:325,3
DA:326,1
DA:327,1
DA:338,4
DA:343,71
DA:347,78
DA:351,38
DA:360,77
DA:362,15
DA:363,15
DA:365,15
DA:367,15
DA:368,15
DA:369,15
DA:379,80
DA:392,30
DA:396,110
DA:398,24
DA:399,24
DA:400,24
DA:401,6
DA:403,24
DA:404,24
DA:405,24
DA:409,187
DA:410,187
DA:411,187
DA:412,43
DA:432,175
DA:433,175
DA:436,175
DA:438,175
DA:439,175
DA:441,55
DA:442,63
DA:443,63
DA:445,63
DA:446,8
DA:448,63
DA:449,63
DA:450,51
DA:452,51
DA:453,43
DA:458,43
DA:459,43
DA:460,14
DA:461,43
DA:462,43
DA:465,43
DA:477,175
DA:478,91
DA:481,83
DA:482,71
DA:484,71
DA:485,38
DA:486,38
DA:487,22
DA:488,3
DA:502,63
DA:503,63
DA:504,63
DA:505,63
DA:507,63
DA:508,11
DA:509,11
DA:510,11
DA:511,7
DA:513,4
DA:514,11
DA:515,11
DA:516,11
DA:517,11
DA:520,63
DA:524,53
DA:525,41
DA:526,41
DA:527,41
DA:541,64
DA:542,64
DA:544,64
DA:545,9
DA:546,9
DA:548,55
DA:551,64
DA:552,64
DA:555,64
DA:556,0
DA:559,64
DA:560,64
DA:561,52
DA:566,71
DA:567,71
DA:571,75
DA:572,75
DA:573,75
DA:586,181
DA:587,89
DA:588,92
DA:596,146
DA:597,0
DA:599,146
DA:607,258
DA:608,109
DA:610,119
DA:612,30
DA:623,2
DA:633,69
DA:641,64
DA:642,0
DA:643,64
DA:651,339
DA:652,902
DA:662,12
DA:663,24
DA:673,1
DA:674,1
DA:675,1
DA:676,1
DA:677,1
DA:686,1
DA:687,1
DA:688,1
DA:689,1
DA:690,1
DA:698,2
DA:706,5
DA:713,2
DA:729,1
DA:730,1
DA:731,1
DA:732,2
DA:733,2
DA:735,1
DA:736,1
DA:737,1
DA:738,1
DA:739,1
DA:757,23
DA:761,385
LF:232
LH:229
BRDA:60,1,0,77
BRDA:60,1,1,0
BRDA:61,2,0,77
BRDA:61,2,1,0
BRDA:66,3,0,80
BRDA:66,3,1,0
BRDA:67,4,0,80
BRDA:67,4,1,0
BRDA:72,5,0,30
BRDA:72,5,1,8
BRDA:116,6,0,23
BRDA:116,6,1,0
BRDA:179,7,0,7
BRDA:179,7,1,8
BRDA:207,8,0,12
BRDA:207,8,1,8
BRDA:216,9,0,25
BRDA:216,9,1,2
BRDA:217,10,0,25
BRDA:217,10,1,0
BRDA:218,11,0,25
BRDA:218,11,1,0
BRDA:226,12,0,21
BRDA:226,12,1,4
BRDA:233,13,0,11
BRDA:233,13,1,2
BRDA:247,14,0,11
BRDA:247,14,1,0
BRDA:263,15,0,1
BRDA:263,15,1,2
BRDA:272,16,0,2
BRDA:272,16,1,0
BRDA:277,17,0,1
BRDA:277,17,1,0
BRDA:295,18,0,1
BRDA:295,18,1,0
BRDA:325,19,0,1
BRDA:325,19,1,2
BRDA:400,20,0,6
BRDA:400,20,1,18
BRDA:403,21,0,24
BRDA:403,21,1,0
BRDA:412,22,0,39
BRDA:412,22,1,4
BRDA:432,23,0,175
BRDA:432,23,1,0
BRDA:433,24,0,175
BRDA:433,24,1,0
BRDA:436,25,0,175
BRDA:436,25,1,0
BRDA:445,26,0,8
BRDA:445,26,1,55
BRDA:448,27,0,63
BRDA:448,27,1,0
BRDA:452,28,0,43
BRDA:452,28,1,8
BRDA:458,29,0,43
BRDA:458,29,1,0
BRDA:459,30,0,14
BRDA:459,30,1,29
BRDA:477,31,0,91
BRDA:477,31,1,84
BRDA:478,32,0,83
BRDA:478,32,1,8
BRDA:481,33,0,71
BRDA:481,33,1,12
BRDA:484,34,0,38
BRDA:484,34,1,33
BRDA:486,35,0,22
BRDA:486,35,1,16
BRDA:487,36,0,3
BRDA:487,36,1,19
BRDA:507,37,0,11
BRDA:507,37,1,52
BRDA:510,38,0,7
BRDA:510,38,1,4
BRDA:520,39,0,53
BRDA:520,39,1,10
BRDA:544,40,0,9
BRDA:544,40,1,55
BRDA:555,41,0,0
BRDA:555,41,1,64
BRDA:559,42,0,64
BRDA:559,42,1,0
BRDA:586,43,0,89
BRDA:586,43,1,92
BRDA:596,44,0,0
BRDA:596,44,1,146
BRDA:607,45,0,109
BRDA:607,45,1,149
BRDA:609,46,0,119
BRDA:609,46,1,30
BRDA:611,47,0,30
BRDA:611,47,1,0
BRDA:641,48,0,0
BRDA:641,48,1,64
BRF:96
BRH:74
end_of_record
TN:
SF:./contracts/modules/STO/USDTiered/USDTieredSTOFactory.sol
FN:21,constructor
FN:49,deploy
FNF:2
FNH:2
FNDA:4,constructor
FNDA:25,deploy
DA:31,4
DA:32,4
DA:34,4
DA:35,4
DA:36,4
DA:37,4
DA:38,4
DA:39,4
DA:40,4
DA:41,4
DA:42,4
DA:50,25
DA:51,25
DA:52,7
LF:14
LH:14
BRF:0
BRH:0
end_of_record
TN:
SF:./contracts/modules/STO/USDTiered/USDTieredSTOProxy.sol
FN:20,constructor
FNF:1
FNH:1
FNDA:25,constructor
DA:21,25
DA:22,25
LF:2
LH:2
BRDA:21,1,0,25
BRDA:21,1,1,0
BRF:2
BRH:1
end_of_record
TN:
SF:./contracts/modules/STO/USDTiered/USDTieredSTOStorage.sol
FNF:0
FNH:0
LF:0
LH:0
BRF:0
BRH:0
end_of_record
TN:
SF:./contracts/modules/TransferManager/BTM/BlacklistTransferManager.sol
FN:52,constructor
FN:62,getInitFunction
FN:74,executeTransfer
FN:87,verifyTransfer
FN:100,_verifyTransfer
FN:137,addBlacklistType
FN:141,_addBlacklistType
FN:148,_addBlacklistTypeDetails
FN:160,addBlacklistTypeMulti
FN:182,modifyBlacklistType
FN:186,_modifyBlacklistType
FN:199,modifyBlacklistTypeMulti
FN:218,deleteBlacklistType
FN:222,_deleteBlacklistType
FN:245,deleteBlacklistTypeMulti
FN:256,addInvestorToBlacklist
FN:260,_addInvestorToBlacklist
FN:280,addInvestorToBlacklistMulti
FN:291,addMultiInvestorToBlacklistMulti
FN:306,addInvestorToNewBlacklist
FN:322,deleteInvestorFromBlacklist
FN:331,_deleteInvestorFromBlacklist
FN:362,deleteInvestorFromAllBlacklist
FN:370,_deleteInvestorFromAllBlacklist
FN:382,deleteInvestorFromAllBlacklistMulti
FN:393,deleteMultiInvestorsFromBlacklistMulti
FN:403,_validParams
FN:414,getListOfAddresses
FN:424,getBlacklistNamesToUser
FN:432,getAllBlacklists
FN:442,getTokensByPartition
FN:457,getPermissions
FNF:32
FNH:31
FNDA:2,constructor
FNDA:3,getInitFunction
FNDA:23,executeTransfer
FNDA:10,verifyTransfer
FNDA:33,_verifyTransfer
FNDA:22,addBlacklistType
FNDA:26,_addBlacklistType
FNDA:27,_addBlacklistTypeDetails
FNDA:3,addBlacklistTypeMulti
FNDA:9,modifyBlacklistType
FNDA:11,_modifyBlacklistType
FNDA:3,modifyBlacklistTypeMulti
FNDA:5,deleteBlacklistType
FNDA:7,_deleteBlacklistType
FNDA:1,deleteBlacklistTypeMulti
FNDA:20,addInvestorToBlacklist
FNDA:26,_addInvestorToBlacklist
FNDA:1,addInvestorToBlacklistMulti
FNDA:3,addMultiInvestorToBlacklistMulti
FNDA:2,addInvestorToNewBlacklist
FNDA:8,deleteInvestorFromBlacklist
FNDA:19,_deleteInvestorFromBlacklist
FNDA:6,deleteInvestorFromAllBlacklist
FNDA:8,_deleteInvestorFromAllBlacklist
FNDA:1,deleteInvestorFromAllBlacklistMulti
FNDA:4,deleteMultiInvestorsFromBlacklistMulti
FNDA:27,_validParams
FNDA:2,getListOfAddresses
FNDA:1,getBlacklistNamesToUser
FNDA:0,getAllBlacklists
FNDA:12,getTokensByPartition
FNDA:1,getPermissions
DA:63,3
DA:75,23
DA:76,23
DA:97,10
DA:101,33
DA:102,30
DA:103,25
DA:104,25
DA:105,25
DA:106,25
DA:107,25
DA:109,25
DA:110,22
DA:114,19
DA:116,19
DA:117,14
DA:120,2
DA:126,17
DA:138,22
DA:142,26
DA:143,24
DA:144,16
DA:145,16
DA:149,27
DA:150,19
DA:169,3
DA:170,1
DA:171,2
DA:183,9
DA:187,11
DA:188,3
DA:189,3
DA:208,3
DA:209,1
DA:210,2
DA:219,5
DA:223,7
DA:224,5
DA:226,3
DA:227,3
DA:228,3
DA:229,3
DA:230,11
DA:231,3
DA:234,3
DA:235,2
DA:237,3
DA:238,3
DA:246,1
DA:247,2
DA:257,20
DA:261,26
DA:262,24
DA:263,22
DA:264,22
DA:266,22
DA:267,22
DA:269,22
DA:270,22
DA:271,22
DA:272,22
DA:281,1
DA:282,2
DA:292,3
DA:293,1
DA:294,2
DA:313,2
DA:314,2
DA:323,8
DA:332,19
DA:333,17
DA:334,15
DA:336,13
DA:337,13
DA:338,13
DA:339,2
DA:340,2
DA:342,13
DA:344,13
DA:346,13
DA:347,13
DA:348,13
DA:349,1
DA:350,1
DA:352,13
DA:354,13
DA:355,13
DA:363,6
DA:371,8
DA:372,6
DA:373,6
DA:374,9
DA:383,1
DA:384,2
DA:394,4
DA:395,2
DA:396,4
DA:404,27
DA:405,25
DA:406,21
DA:415,2
DA:416,1
DA:425,1
DA:433,0
DA:443,12
DA:444,12
DA:445,2
DA:447,10
DA:448,10
DA:449,4
DA:451,6
DA:458,1
DA:459,1
DA:460,1
LF:114
LH:113
BRDA:101,1,0,30
BRDA:101,1,1,3
BRDA:102,2,0,25
BRDA:102,2,1,5
BRDA:109,3,0,22
BRDA:109,3,1,3
BRDA:110,4,0,19
BRDA:110,4,1,3
BRDA:116,5,0,14
BRDA:116,5,1,5
BRDA:119,6,0,2
BRDA:119,6,1,1
BRDA:142,7,0,24
BRDA:142,7,1,2
BRDA:169,8,0,1
BRDA:169,8,1,2
BRDA:187,9,0,3
BRDA:187,9,1,8
BRDA:208,10,0,1
BRDA:208,10,1,2
BRDA:223,11,0,5
BRDA:223,11,1,2
BRDA:224,12,0,3
BRDA:224,12,1,2
BRDA:230,13,0,3
BRDA:230,13,1,8
BRDA:234,14,0,2
BRDA:234,14,1,1
BRDA:261,15,0,24
BRDA:261,15,1,2
BRDA:262,16,0,22
BRDA:262,16,1,2
BRDA:263,17,0,22
BRDA:263,17,1,0
BRDA:292,18,0,1
BRDA:292,18,1,2
BRDA:332,19,0,17
BRDA:332,19,1,2
BRDA:333,20,0,15
BRDA:333,20,1,2
BRDA:334,21,0,13
BRDA:334,21,1,2
BRDA:338,22,0,2
BRDA:338,22,1,11
BRDA:348,23,0,1
BRDA:348,23,1,12
BRDA:371,24,0,6
BRDA:371,24,1,2
BRDA:394,25,0,2
BRDA:394,25,1,2
BRDA:404,26,0,25
BRDA:404,26,1,2
BRDA:405,27,0,21
BRDA:405,27,1,4
BRDA:406,28,0,19
BRDA:406,28,1,2
BRDA:415,29,0,1
BRDA:415,29,1,1
BRDA:444,30,0,2
BRDA:444,30,1,10
BRDA:448,31,0,4
BRDA:448,31,1,6
BRF:62
BRH:61
end_of_record
TN:
SF:./contracts/modules/TransferManager/BTM/BlacklistTransferManagerFactory.sol
FN:19,constructor
FN:43,deploy
FNF:2
FNH:2
FNDA:2,constructor
FNDA:4,deploy
DA:28,2
DA:29,2
DA:30,2
DA:31,2
DA:32,2
DA:33,2
DA:34,2
DA:35,2
DA:44,4
DA:45,4
DA:46,2
LF:11
LH:11
BRF:0
BRH:0
end_of_record
TN:
SF:./contracts/modules/TransferManager/BTM/BlacklistTransferManagerProxy.sol
FN:19,constructor
FNF:1
FNH:1
FNDA:4,constructor
DA:28,4
DA:32,4
LF:2
LH:2
BRDA:28,1,0,4
BRDA:28,1,1,0
BRF:2
BRH:1
end_of_record
TN:
SF:./contracts/modules/TransferManager/BTM/BlacklistTransferManagerStorage.sol
FNF:0
FNH:0
LF:0
LH:0
BRF:0
BRH:0
end_of_record
TN:
SF:./contracts/modules/TransferManager/CTM/CountTransferManager.sol
FN:18,constructor
FN:27,executeTransfer
FN:46,verifyTransfer
FN:59,_verifyTransfer
FN:86,configure
FN:94,changeHolderCount
FN:102,getInitFunction
FN:109,getPermissions
FNF:8
FNH:7
FNDA:10,constructor
FNDA:12,executeTransfer
FNDA:0,verifyTransfer
FNDA:12,_verifyTransfer
FNDA:10,configure
FNDA:2,changeHolderCount
FNDA:10,getInitFunction
FNDA:1,getPermissions
DA:36,12
DA:37,12
DA:56,0
DA:68,12
DA:69,11
DA:71,6
DA:72,2
DA:74,4
DA:76,5
DA:78,1
DA:87,10
DA:95,2
DA:96,2
DA:103,10
DA:110,1
DA:111,1
DA:112,1
LF:17
LH:16
BRDA:68,1,0,11
BRDA:68,1,1,1
BRDA:69,2,0,6
BRDA:69,2,1,5
BRDA:71,3,0,2
BRDA:71,3,1,4
BRF:6
BRH:6
end_of_record
TN:
SF:./contracts/modules/TransferManager/CTM/CountTransferManagerFactory.sol
FN:19,constructor
FN:44,deploy
FNF:2
FNH:2
FNDA:7,constructor
FNDA:14,deploy
DA:29,7
DA:30,7
DA:31,7
DA:32,7
DA:33,7
DA:34,7
DA:35,7
DA:36,7
DA:45,14
DA:46,14
DA:47,10
LF:11
LH:11
BRF:0
BRH:0
end_of_record
TN:
SF:./contracts/modules/TransferManager/CTM/CountTransferManagerProxy.sol
FN:19,constructor
FNF:1
FNH:1
FNDA:14,constructor
DA:28,14
DA:32,14
LF:2
LH:2
BRDA:28,1,0,14
BRDA:28,1,1,0
BRF:2
BRH:1
end_of_record
TN:
SF:./contracts/modules/TransferManager/CTM/CountTransferManagerStorage.sol
FNF:0
FNH:0
LF:0
LH:0
BRF:0
BRH:0
end_of_record
TN:
SF:./contracts/modules/TransferManager/GTM/GeneralTransferManager.sol
FN:54,constructor
FN:64,getInitFunction
FN:73,changeDefaults
FN:86,changeIssuanceAddress
FN:102,executeTransfer
FN:122,_processTransferSignature
FN:138,verifyTransfer
FN:151,_verifyTransfer
FN:199,modifyTransferRequirements
FN:223,modifyTransferRequirementsMulti
FN:249,_modifyTransferRequirements
FN:281,modifyKYCData
FN:293,_modifyKYCData
FN:311,modifyKYCDataMulti
FN:338,modifyInvestorFlag
FN:350,_modifyInvestorFlag
FN:374,modifyInvestorFlagMulti
FN:403,modifyKYCDataSigned
FN:421,_modifyKYCDataSigned
FN:465,modifyKYCDataSignedMulti
FN:483,_modifyKYCDataSignedMulti
FN:527,_checkSig
FN:542,_validExpiry
FN:551,_validLockTime
FN:559,_adjustTimes
FN:569,_getKey
FN:573,_getKYCValues
FN:584,_isExistingInvestor
FN:590,_getValuesForTransfer
FN:599,getAllInvestors
FN:607,getInvestors
FN:612,getAllInvestorFlags
FN:620,getInvestorFlag
FN:625,getInvestorFlags
FN:629,_getInvestorFlags
FN:637,getAllKYCData
FN:651,getKYCData
FN:659,_kycData
FN:676,getPermissions
FN:688,getTokensByPartition
FN:700,getAddressBytes32
FNF:41
FNH:41
FNDA:32,constructor
FNDA:40,getInitFunction
FNDA:3,changeDefaults
FNDA:1,changeIssuanceAddress
FNDA:551,executeTransfer
FNDA:4,_processTransferSignature
FNDA:6,verifyTransfer
FNDA:557,_verifyTransfer
FNDA:1,modifyTransferRequirements
FNDA:8,modifyTransferRequirementsMulti
FNDA:25,_modifyTransferRequirements
FNDA:85,modifyKYCData
FNDA:164,_modifyKYCData
FNDA:15,modifyKYCDataMulti
FNDA:8,modifyInvestorFlag
FNDA:13,_modifyInvestorFlag
FNDA:2,modifyInvestorFlagMulti
FNDA:10,modifyKYCDataSigned
FNDA:10,_modifyKYCDataSigned
FNDA:7,modifyKYCDataSignedMulti
FNDA:11,_modifyKYCDataSignedMulti
FNDA:13,_checkSig
FNDA:711,_validExpiry
FNDA:420,_validLockTime
FNDA:487,_adjustTimes
FNDA:1548,_getKey
FNDA:1173,_getKYCValues
FNDA:177,_isExistingInvestor
FNDA:555,_getValuesForTransfer
FNDA:4,getAllInvestors
FNDA:1,getInvestors
FNDA:1,getAllInvestorFlags
FNDA:2,getInvestorFlag
FNDA:1,getInvestorFlags
FNDA:5,_getInvestorFlags
FNDA:1,getAllKYCData
FNDA:5,getKYCData
FNDA:6,_kycData
FNDA:3,getPermissions
FNDA:51,getTokensByPartition
FNDA:483,getAddressBytes32
DA:65,40
DA:77,3
DA:78,3
DA:79,3
DA:88,1
DA:89,1
DA:108,551
DA:109,9
DA:110,9
DA:111,9
DA:112,9
DA:113,9
DA:114,9
DA:115,9
DA:116,4
DA:118,551
DA:119,551
DA:123,4
DA:124,4
DA:125,4
DA:126,4
DA:127,4
DA:128,4
DA:130,4
DA:148,6
DA:159,557
DA:160,555
DA:161,555
DA:162,555
DA:163,555
DA:164,555
DA:166,555
DA:167,278
DA:169,16
DA:171,261
DA:174,555
DA:176,555
DA:177,68
DA:180,487
DA:182,487
DA:183,4
DA:186,483
DA:188,2
DA:206,1
DA:230,8
DA:238,8
DA:239,24
DA:256,25
DA:264,25
DA:290,85
DA:294,164
DA:295,164
DA:296,164
DA:297,149
DA:299,164
DA:300,164
DA:301,164
DA:320,15
DA:326,9
DA:327,74
DA:346,8
DA:351,13
DA:352,13
DA:353,13
DA:354,3
DA:356,3
DA:359,13
DA:360,13
DA:361,13
DA:363,0
DA:364,13
DA:365,13
DA:382,2
DA:387,2
DA:388,5
DA:415,10
DA:435,10
DA:436,2
DA:437,8
DA:440,8
DA:441,2
DA:447,2
DA:448,2
DA:450,6
DA:477,7
DA:496,11
DA:500,2
DA:503,9
DA:504,4
DA:507,5
DA:511,5
DA:512,2
DA:513,3
DA:517,3
DA:519,2
DA:521,3
DA:530,13
DA:531,13
DA:532,9
DA:534,4
DA:535,4
DA:543,711
DA:544,643
DA:552,420
DA:553,416
DA:560,487
DA:561,261
DA:563,487
DA:564,104
DA:566,487
DA:570,1548
DA:580,1173
DA:581,1173
DA:585,177
DA:587,177
DA:591,555
DA:592,555
DA:593,555
DA:600,4
DA:601,4
DA:608,1
DA:609,1
DA:613,1
DA:614,1
DA:615,1
DA:616,2
DA:621,2
DA:622,2
DA:626,1
DA:630,5
DA:631,5
DA:643,1
DA:644,1
DA:645,1
DA:656,5
DA:664,6
DA:665,6
DA:666,6
DA:667,6
DA:668,12
DA:670,6
DA:677,3
DA:678,3
DA:679,3
DA:689,51
DA:690,51
DA:691,51
DA:692,51
DA:693,51
DA:694,51
DA:695,32
DA:697,19
DA:701,483
LF:153
LH:152
BRDA:108,1,0,9
BRDA:108,1,1,542
BRDA:115,2,0,4
BRDA:115,2,1,5
BRDA:159,3,0,555
BRDA:159,3,1,2
BRDA:166,4,0,278
BRDA:166,4,1,277
BRDA:168,5,0,16
BRDA:168,5,1,261
BRDA:176,6,0,68
BRDA:176,6,1,487
BRDA:182,7,0,4
BRDA:182,7,1,483
BRDA:230,8,0,8
BRDA:230,8,1,0
BRDA:294,9,0,164
BRDA:294,9,1,0
BRDA:296,10,0,149
BRDA:296,10,1,15
BRDA:320,11,0,9
BRDA:320,11,1,6
BRDA:351,12,0,13
BRDA:351,12,1,0
BRDA:353,13,0,3
BRDA:353,13,1,10
BRDA:360,14,0,13
BRDA:360,14,1,0
BRDA:382,15,0,2
BRDA:382,15,1,0
BRDA:415,16,0,2
BRDA:415,16,1,8
BRDA:435,17,0,2
BRDA:435,17,1,8
BRDA:440,18,0,2
BRDA:440,18,1,6
BRDA:441,19,0,2
BRDA:441,19,1,0
BRDA:477,20,0,1
BRDA:477,20,1,6
BRDA:496,21,0,2
BRDA:496,21,1,9
BRDA:503,22,0,4
BRDA:503,22,1,5
BRDA:511,23,0,2
BRDA:511,23,1,3
BRDA:513,24,0,3
BRDA:513,24,1,0
BRDA:531,25,0,9
BRDA:531,25,1,4
BRDA:543,26,0,643
BRDA:543,26,1,68
BRDA:552,27,0,416
BRDA:552,27,1,4
BRDA:560,28,0,261
BRDA:560,28,1,226
BRDA:563,29,0,104
BRDA:563,29,1,383
BRDA:694,30,0,32
BRDA:694,30,1,19
BRF:60
BRH:53
end_of_record
TN:
SF:./contracts/modules/TransferManager/GTM/GeneralTransferManagerFactory.sol
FN:19,constructor
FN:44,deploy
FNF:2
FNH:2
FNDA:33,constructor
FNDA:41,deploy
DA:29,33
DA:30,33
DA:31,33
DA:32,33
DA:33,33
DA:34,33
DA:35,33
DA:36,33
DA:37,33
DA:50,41
DA:51,41
DA:52,39
LF:12
LH:12
BRF:0
BRH:0
end_of_record
TN:
SF:./contracts/modules/TransferManager/GTM/GeneralTransferManagerProxy.sol
FN:18,constructor
FNF:1
FNH:1
FNDA:41,constructor
DA:27,41
DA:28,41
DA:29,41
DA:30,41
DA:31,41
LF:5
LH:5
BRDA:27,1,0,41
BRDA:27,1,1,0
BRF:2
BRH:1
end_of_record
TN:
SF:./contracts/modules/TransferManager/GTM/GeneralTransferManagerStorage.sol
FNF:0
FNH:0
LF:0
LH:0
BRF:0
BRH:0
end_of_record
TN:
SF:./contracts/modules/TransferManager/LTM/LockUpTransferManager.sol
FN:44,constructor
FN:54,executeTransfer
FN:63,verifyTransfer
FN:80,_verifyTransfer
FN:105,addNewLockUpType
FN:132,addNewLockUpTypeMulti
FN:165,addLockUpByName
FN:180,addLockUpByNameMulti
FN:202,addNewLockUpToUser
FN:232,addNewLockUpToUserMulti
FN:261,removeLockUpFromUser
FN:269,removeLockupType
FN:277,removeLockupTypeMulti
FN:288,removeLockUpFromUserMulti
FN:303,modifyLockUpType
FN:330,modifyLockUpTypeMulti
FN:362,getLockUp
FN:384,getAllLockupData
FN:411,getListOfAddresses
FN:420,getAllLockups
FN:429,getLockupsNamesToUser
FN:438,getLockedTokenToUser
FN:456,_checkIfValidTransfer
FN:469,_getUnlockedAmountForLockup
FN:487,_removeLockupType
FN:505,_modifyLockUpType
FN:542,_removeLockUpFromUser
FN:573,_addNewLockUpToUser
FN:594,_addLockUpByName
FN:615,_addNewLockUpType
FN:644,_checkLockUpParams
FN:660,_checkValidStartTime
FN:664,_checkZeroAddress
FN:668,_validLockUpCheck
FN:672,_checkValidName
FN:676,_checkLengthOfArray
FN:686,getTokensByPartition
FN:703,getInitFunction
FN:710,getPermissions
FNF:39
FNH:32
FNDA:3,constructor
FNDA:26,executeTransfer
FNDA:0,verifyTransfer
FNDA:26,_verifyTransfer
FNDA:1,addNewLockUpType
FNDA:1,addNewLockUpTypeMulti
FNDA:3,addLockUpByName
FNDA:0,addLockUpByNameMulti
FNDA:13,addNewLockUpToUser
FNDA:11,addNewLockUpToUserMulti
FNDA:0,removeLockUpFromUser
FNDA:3,removeLockupType
FNDA:0,removeLockupTypeMulti
FNDA:1,removeLockUpFromUserMulti
FNDA:7,modifyLockUpType
FNDA:0,modifyLockUpTypeMulti
FNDA:21,getLockUp
FNDA:1,getAllLockupData
FNDA:0,getListOfAddresses
FNDA:1,getAllLockups
FNDA:0,getLockupsNamesToUser
FNDA:36,getLockedTokenToUser
FNDA:21,_checkIfValidTransfer
FNDA:77,_getUnlockedAmountForLockup
FNDA:3,_removeLockupType
FNDA:7,_modifyLockUpType
FNDA:2,_removeLockUpFromUser
FNDA:15,_addNewLockUpToUser
FNDA:10,_addLockUpByName
FNDA:18,_addNewLockUpType
FNDA:13,_checkLockUpParams
FNDA:33,_checkValidStartTime
FNDA:63,_checkZeroAddress
FNDA:6,_validLockUpCheck
FNDA:20,_checkValidName
FNDA:1,_checkLengthOfArray
FNDA:13,getTokensByPartition
FNDA:6,getInitFunction
FNDA:1,getPermissions
DA:55,26
DA:56,26
DA:73,0
DA:89,26
DA:91,21
DA:93,5
DA:115,1
DA:142,1
DA:149,1
DA:150,2
DA:172,3
DA:187,0
DA:188,0
DA:189,0
DA:213,13
DA:243,11
DA:251,1
DA:252,2
DA:262,0
DA:270,3
DA:278,0
DA:279,0
DA:289,1
DA:290,1
DA:291,2
DA:313,7
DA:340,0
DA:347,0
DA:348,0
DA:369,21
DA:370,20
DA:378,1
DA:393,1
DA:394,1
DA:395,1
DA:396,1
DA:397,1
DA:398,1
DA:399,1
DA:400,1
DA:401,7
DA:402,7
DA:412,0
DA:413,0
DA:421,1
DA:430,0
DA:439,36
DA:440,36
DA:441,36
DA:442,36
DA:444,57
DA:446,57
DA:448,36
DA:457,21
DA:459,21
DA:460,21
DA:461,9
DA:463,12
DA:471,77
DA:472,11
DA:474,12
DA:477,54
DA:480,54
DA:482,54
DA:483,54
DA:488,3
DA:489,3
DA:491,1
DA:492,1
DA:493,1
DA:494,7
DA:495,1
DA:498,1
DA:499,1
DA:501,1
DA:502,1
DA:515,7
DA:516,0
DA:518,7
DA:519,3
DA:520,3
DA:526,3
DA:533,3
DA:543,2
DA:544,2
DA:545,2
DA:551,2
DA:552,2
DA:553,2
DA:554,2
DA:555,2
DA:557,2
DA:559,2
DA:561,2
DA:562,2
DA:563,2
DA:564,2
DA:565,2
DA:567,2
DA:569,2
DA:570,2
DA:583,15
DA:584,15
DA:591,7
DA:600,10
DA:601,10
DA:602,10
DA:603,5
DA:608,8
DA:609,8
DA:610,8
DA:611,8
DA:612,8
DA:625,18
DA:626,0
DA:628,18
DA:629,18
DA:630,16
DA:631,10
DA:632,10
DA:633,10
DA:634,10
DA:652,13
DA:661,33
DA:665,63
DA:669,6
DA:673,20
DA:677,1
DA:687,13
DA:688,13
DA:689,13
DA:690,0
DA:692,13
DA:693,6
DA:695,5
DA:697,2
DA:704,6
DA:711,1
DA:712,1
DA:713,1
LF:140
LH:124
BRDA:89,1,0,21
BRDA:89,1,1,5
BRDA:142,2,0,1
BRDA:142,2,1,0
BRDA:243,3,0,1
BRDA:243,3,1,10
BRDA:340,4,0,0
BRDA:340,4,1,0
BRDA:369,5,0,20
BRDA:369,5,1,1
BRDA:460,6,0,9
BRDA:460,6,1,12
BRDA:471,7,0,11
BRDA:471,7,1,66
BRDA:473,8,0,12
BRDA:473,8,1,54
BRDA:489,9,0,1
BRDA:489,9,1,2
BRDA:494,10,0,1
BRDA:494,10,1,6
BRDA:498,11,0,1
BRDA:498,11,1,0
BRDA:515,12,0,0
BRDA:515,12,1,7
BRDA:545,13,0,2
BRDA:545,13,1,0
BRDA:553,14,0,2
BRDA:553,14,1,0
BRDA:563,15,0,2
BRDA:563,15,1,0
BRDA:602,16,0,5
BRDA:602,16,1,5
BRDA:603,17,0,3
BRDA:603,17,1,2
BRDA:625,18,0,0
BRDA:625,18,1,18
BRDA:629,19,0,16
BRDA:629,19,1,2
BRDA:652,20,0,13
BRDA:652,20,1,0
BRDA:661,21,0,23
BRDA:661,21,1,10
BRDA:665,22,0,63
BRDA:665,22,1,0
BRDA:669,23,0,6
BRDA:669,23,1,0
BRDA:673,24,0,20
BRDA:673,24,1,0
BRDA:677,25,0,1
BRDA:677,25,1,0
BRDA:689,26,0,0
BRDA:689,26,1,13
BRDA:692,27,0,6
BRDA:692,27,1,7
BRDA:694,28,0,5
BRDA:694,28,1,2
BRF:56
BRH:41
end_of_record
TN:
SF:./contracts/modules/TransferManager/LTM/LockUpTransferManagerFactory.sol
FN:19,constructor
FN:43,deploy
FNF:2
FNH:2
FNDA:3,constructor
FNDA:7,deploy
DA:29,3
DA:30,3
DA:31,3
DA:32,3
DA:33,3
DA:34,3
DA:35,3
DA:36,3
DA:49,7
DA:50,7
DA:51,5
LF:11
LH:11
BRF:0
BRH:0
end_of_record
TN:
SF:./contracts/modules/TransferManager/LTM/LockUpTransferManagerProxy.sol
FN:19,constructor
FNF:1
FNH:1
FNDA:7,constructor
DA:28,7
DA:32,7
LF:2
LH:2
BRDA:28,1,0,7
BRDA:28,1,1,0
BRF:2
BRH:1
end_of_record
TN:
SF:./contracts/modules/TransferManager/LTM/LockUpTransferManagerStorage.sol
FNF:0
FNH:0
LF:0
LH:0
BRF:0
BRH:0
end_of_record
TN:
SF:./contracts/modules/TransferManager/MATM/ManualApprovalTransferManager.sol
FN:41,constructor
FN:48,getInitFunction
FN:58,executeTransfer
FN:85,verifyTransfer
FN:98,_verifyTransfer
FN:127,addManualApproval
FN:140,_addManualApproval
FN:161,addManualApprovalMulti
FN:187,modifyManualApproval
FN:201,_modifyManualApproval
FN:255,modifyManualApprovalMulti
FN:278,revokeManualApproval
FN:282,_revokeManualApproval
FN:303,revokeManualApprovalMulti
FN:310,_checkInputLengthArray
FN:338,getActiveApprovalsToUser
FN:377,getApprovalDetails
FN:396,getTotalApprovalsLength
FN:408,getAllApprovals
FN:433,getPermissions
FNF:20
FNH:19
FNDA:5,constructor
FNDA:9,getInitFunction
FNDA:15,executeTransfer
FNDA:4,verifyTransfer
FNDA:19,_verifyTransfer
FNDA:7,addManualApproval
FNDA:9,_addManualApproval
FNDA:9,addManualApprovalMulti
FNDA:7,modifyManualApproval
FNDA:7,_modifyManualApproval
FNDA:0,modifyManualApprovalMulti
FNDA:3,revokeManualApproval
FNDA:6,_revokeManualApproval
FNDA:3,revokeManualApprovalMulti
FNDA:9,_checkInputLengthArray
FNDA:8,getActiveApprovalsToUser
FNDA:1,getApprovalDetails
FNDA:5,getTotalApprovalsLength
FNDA:1,getAllApprovals
FNDA:1,getPermissions
DA:49,9
DA:69,15
DA:70,15
DA:71,5
DA:72,5
DA:73,5
DA:75,15
DA:95,4
DA:107,19
DA:108,19
DA:109,14
DA:110,14
DA:111,14
DA:112,7
DA:115,12
DA:137,7
DA:141,9
DA:142,7
DA:143,7
DA:144,3
DA:145,3
DA:146,1
DA:148,5
DA:149,5
DA:150,5
DA:171,9
DA:172,1
DA:173,2
DA:198,7
DA:212,7
DA:213,7
DA:214,7
DA:215,7
DA:216,7
DA:217,7
DA:218,7
DA:219,7
DA:221,3
DA:222,2
DA:224,1
DA:227,1
DA:228,0
DA:230,1
DA:233,2
DA:236,3
DA:237,1
DA:239,3
DA:240,1
DA:242,3
DA:266,0
DA:267,0
DA:268,0
DA:269,0
DA:279,3
DA:283,6
DA:284,6
DA:287,4
DA:288,4
DA:289,4
DA:290,1
DA:291,1
DA:293,4
DA:294,4
DA:295,4
DA:304,3
DA:305,1
DA:306,2
DA:320,9
DA:339,8
DA:340,8
DA:341,8
DA:342,9
DA:344,8
DA:347,8
DA:348,8
DA:349,8
DA:350,8
DA:351,8
DA:353,8
DA:354,8
DA:355,9
DA:358,8
DA:359,8
DA:360,8
DA:361,8
DA:362,8
DA:363,8
DA:366,8
DA:378,1
DA:379,1
DA:380,1
DA:381,1
DA:382,1
DA:383,1
DA:390,0
DA:397,5
DA:409,1
DA:410,1
DA:411,1
DA:412,1
DA:413,1
DA:414,1
DA:416,1
DA:418,1
DA:419,1
DA:420,1
DA:421,1
DA:422,1
DA:426,1
DA:434,1
DA:435,1
DA:436,1
LF:112
LH:106
BRDA:70,1,0,5
BRDA:70,1,1,10
BRDA:108,2,0,14
BRDA:108,2,1,5
BRDA:111,3,0,7
BRDA:111,3,1,7
BRDA:141,4,0,7
BRDA:141,4,1,2
BRDA:142,5,0,7
BRDA:142,5,1,0
BRDA:143,6,0,3
BRDA:143,6,1,4
BRDA:145,7,0,1
BRDA:145,7,1,2
BRDA:212,8,0,7
BRDA:212,8,1,0
BRDA:214,9,0,7
BRDA:214,9,1,0
BRDA:219,10,0,3
BRDA:219,10,1,4
BRDA:221,11,0,2
BRDA:221,11,1,1
BRDA:222,12,0,1
BRDA:222,12,1,1
BRDA:227,13,0,0
BRDA:227,13,1,1
BRDA:236,14,0,1
BRDA:236,14,1,2
BRDA:239,15,0,1
BRDA:239,15,1,2
BRDA:267,16,0,0
BRDA:267,16,1,0
BRDA:284,17,0,4
BRDA:284,17,1,2
BRDA:289,18,0,1
BRDA:289,18,1,3
BRDA:304,19,0,1
BRDA:304,19,1,2
BRDA:320,20,0,1
BRDA:320,20,1,8
BRDA:342,21,0,8
BRDA:342,21,1,1
BRDA:355,22,0,8
BRDA:355,22,1,1
BRDA:379,23,0,1
BRDA:379,23,1,0
BRDA:381,24,0,1
BRDA:381,24,1,0
BRF:48
BRH:40
end_of_record
TN:
SF:./contracts/modules/TransferManager/MATM/ManualApprovalTransferManagerFactory.sol
FN:19,constructor
FN:43,deploy
FNF:2
FNH:2
FNDA:5,constructor
FNDA:10,deploy
DA:29,5
DA:30,5
DA:31,5
DA:32,5
DA:33,5
DA:34,5
DA:35,5
DA:36,5
DA:49,10
DA:50,10
DA:51,8
LF:11
LH:11
BRF:0
BRH:0
end_of_record
TN:
SF:./contracts/modules/TransferManager/MATM/ManualApprovalTransferManagerProxy.sol
FN:19,constructor
FNF:1
FNH:1
FNDA:10,constructor
DA:28,10
DA:32,10
LF:2
LH:2
BRDA:28,1,0,10
BRDA:28,1,1,0
BRF:2
BRH:1
end_of_record
TN:
SF:./contracts/modules/TransferManager/MATM/ManualApprovalTransferManagerStorage.sol
FNF:0
FNH:0
LF:0
LH:0
BRF:0
BRH:0
end_of_record
TN:
SF:./contracts/modules/TransferManager/PTM/PercentageTransferManager.sol
FN:28,constructor
FN:40,executeTransfer
FN:59,verifyTransfer
FN:72,_verifyTransfer
FN:102,configure
FN:110,getInitFunction
FN:118,changeHolderPercentage
FN:128,modifyWhitelist
FN:139,modifyWhitelistMulti
FN:150,setAllowPrimaryIssuance
FN:160,getPermissions
FNF:11
FNH:10
FNDA:5,constructor
FNDA:11,executeTransfer
FNDA:0,verifyTransfer
FNDA:11,_verifyTransfer
FNDA:8,configure
FNDA:8,getInitFunction
FNDA:2,changeHolderPercentage
FNDA:4,modifyWhitelist
FNDA:3,modifyWhitelistMulti
FNDA:3,setAllowPrimaryIssuance
FNDA:1,getPermissions
DA:49,11
DA:50,11
DA:69,0
DA:81,11
DA:82,10
DA:83,1
DA:86,9
DA:87,1
DA:89,8
DA:90,8
DA:91,6
DA:93,2
DA:95,1
DA:103,8
DA:104,8
DA:111,8
DA:119,2
DA:120,2
DA:129,4
DA:131,4
DA:140,3
DA:141,1
DA:142,2
DA:151,3
DA:152,1
DA:154,1
DA:161,1
DA:162,1
DA:163,1
LF:29
LH:28
BRDA:81,1,0,10
BRDA:81,1,1,1
BRDA:82,2,0,1
BRDA:82,2,1,9
BRDA:86,3,0,1
BRDA:86,3,1,8
BRDA:90,4,0,6
BRDA:90,4,1,2
BRDA:140,5,0,1
BRDA:140,5,1,2
BRDA:151,6,0,1
BRDA:151,6,1,2
BRF:12
BRH:12
end_of_record
TN:
SF:./contracts/modules/TransferManager/PTM/PercentageTransferManagerFactory.sol
FN:21,constructor
FN:46,deploy
FNF:2
FNH:2
FNDA:5,constructor
FNDA:10,deploy
DA:31,5
DA:32,5
DA:33,5
DA:34,5
DA:35,5
DA:36,5
DA:37,5
DA:38,5
DA:47,10
DA:48,10
DA:49,8
LF:11
LH:11
BRF:0
BRH:0
end_of_record
TN:
SF:./contracts/modules/TransferManager/PTM/PercentageTransferManagerProxy.sol
FN:19,constructor
FNF:1
FNH:1
FNDA:10,constructor
DA:23,10
DA:27,10
LF:2
LH:2
BRDA:23,1,0,10
BRDA:23,1,1,0
BRF:2
BRH:1
end_of_record
TN:
SF:./contracts/modules/TransferManager/PTM/PercentageTransferManagerStorage.sol
FNF:0
FNH:0
LF:0
LH:0
BRF:0
BRH:0
end_of_record
TN:
SF:./contracts/modules/TransferManager/TransferManager.sol
FN:14,onlySecurityToken
FN:19,unpause
FN:24,pause
FN:34,getTokensByPartition
FN:41,getPartitions
FNF:5
FNH:3
FNDA:111,onlySecurityToken
FNDA:8,unpause
FNDA:8,pause
FNDA:0,getTokensByPartition
FNDA:0,getPartitions
DA:15,111
DA:16,109
DA:20,8
DA:21,8
DA:25,8
DA:26,8
DA:35,0
DA:42,0
DA:43,0
DA:44,0
DA:45,0
LF:11
LH:6
BRDA:15,1,0,109
BRDA:15,1,1,2
BRF:2
BRH:2
end_of_record
TN:
SF:./contracts/modules/TransferManager/VRTM/VolumeRestrictionTM.sol
FN:96,constructor
FN:109,executeTransfer
FN:138,verifyTransfer
FN:161,_verifyTransfer
FN:191,changeExemptWalletList
FN:216,addIndividualRestriction
FN:272,addIndividualDailyRestriction
FN:321,addIndividualDailyRestrictionMulti
FN:353,addIndividualRestrictionMulti
FN:385,addDefaultRestriction
FN:421,addDefaultDailyRestriction
FN:452,removeIndividualRestriction
FN:456,_removeIndividualRestriction
FN:471,removeIndividualRestrictionMulti
FN:481,removeIndividualDailyRestriction
FN:485,_removeIndividualDailyRestriction
FN:498,removeIndividualDailyRestrictionMulti
FN:507,removeDefaultRestriction
FN:516,removeDefaultDailyRestriction
FN:532,modifyIndividualRestriction
FN:574,modifyIndividualDailyRestriction
FN:613,modifyIndividualDailyRestrictionMulti
FN:645,modifyIndividualRestrictionMulti
FN:677,modifyDefaultRestriction
FN:716,modifyDefaultDailyRestriction
FN:752,_restrictionCheck
FN:814,_validAllowedAmount
FN:840,_isValidAmountAfterRestrictionChanges
FN:863,_dailyTxCheck
FN:895,_bucketCheck
FN:944,_checkValidAmountToTransact
FN:961,_allowedAmountToTransact
FN:978,_updateStorage
FN:1001,_updateStorageActual
FN:1048,_checkInputParams
FN:1076,_isAllowedToModify
FN:1080,_getValidStartTime
FN:1092,getTokensByPartition
FN:1128,getIndividualBucketDetailsToUser
FN:1141,getDefaultBucketDetailsToUser
FN:1145,_getBucketDetails
FN:1166,getTotalTradedByUser
FN:1173,getInitFunction
FN:1180,getExemptAddress
FN:1184,getIndividualRestriction
FN:1188,getIndividualDailyRestriction
FN:1192,getDefaultRestriction
FN:1196,getDefaultDailyRestriction
FN:1200,_volumeRestrictionSplay
FN:1220,getRestrictionData
FN:1231,_checkLengthOfArray
FN:1255,getPermissions
FNF:52
FNH:45
FNDA:6,constructor
FNDA:87,executeTransfer
FNDA:2,verifyTransfer
FNDA:117,_verifyTransfer
FNDA:12,changeExemptWalletList
FNDA:30,addIndividualRestriction
FNDA:9,addIndividualDailyRestriction
FNDA:0,addIndividualDailyRestrictionMulti
FNDA:16,addIndividualRestrictionMulti
FNDA:2,addDefaultRestriction
FNDA:2,addDefaultDailyRestriction
FNDA:8,removeIndividualRestriction
FNDA:12,_removeIndividualRestriction
FNDA:3,removeIndividualRestrictionMulti
FNDA:1,removeIndividualDailyRestriction
FNDA:1,_removeIndividualDailyRestriction
FNDA:0,removeIndividualDailyRestrictionMulti
FNDA:1,removeDefaultRestriction
FNDA:0,removeDefaultDailyRestriction
FNDA:12,modifyIndividualRestriction
FNDA:1,modifyIndividualDailyRestriction
FNDA:0,modifyIndividualDailyRestrictionMulti
FNDA:1,modifyIndividualRestrictionMulti
FNDA:0,modifyDefaultRestriction
FNDA:0,modifyDefaultDailyRestriction
FNDA:99,_restrictionCheck
FNDA:99,_validAllowedAmount
FNDA:88,_isValidAmountAfterRestrictionChanges
FNDA:99,_dailyTxCheck
FNDA:78,_bucketCheck
FNDA:126,_checkValidAmountToTransact
FNDA:126,_allowedAmountToTransact
FNDA:72,_updateStorage
FNDA:72,_updateStorageActual
FNDA:56,_checkInputParams
FNDA:12,_isAllowedToModify
FNDA:56,_getValidStartTime
FNDA:30,getTokensByPartition
FNDA:19,getIndividualBucketDetailsToUser
FNDA:10,getDefaultBucketDetailsToUser
FNDA:29,_getBucketDetails
FNDA:76,getTotalTradedByUser
FNDA:2,getInitFunction
FNDA:5,getExemptAddress
FNDA:55,getIndividualRestriction
FNDA:14,getIndividualDailyRestriction
FNDA:14,getDefaultRestriction
FNDA:6,getDefaultDailyRestriction
FNDA:89,_volumeRestrictionSplay
FNDA:10,getRestrictionData
FNDA:17,_checkLengthOfArray
FNDA:0,getPermissions
DA:110,87
DA:111,87
DA:112,87
DA:113,87
DA:114,87
DA:115,87
DA:116,87
DA:117,87
DA:118,72
DA:129,87
DA:149,2
DA:150,2
DA:151,0
DA:152,2
DA:170,117
DA:172,107
DA:175,81
DA:180,18
DA:183,18
DA:192,12
DA:193,12
DA:194,10
DA:195,5
DA:196,5
DA:198,5
DA:199,5
DA:200,5
DA:201,5
DA:203,10
DA:231,30
DA:232,30
DA:233,30
DA:235,12
DA:236,4
DA:238,12
DA:245,12
DA:253,12
DA:282,9
DA:283,9
DA:284,3
DA:285,0
DA:287,3
DA:294,3
DA:302,3
DA:331,0
DA:332,0
DA:333,0
DA:363,16
DA:364,4
DA:365,7
DA:395,2
DA:396,2
DA:397,2
DA:404,2
DA:430,2
DA:431,2
DA:432,2
DA:439,2
DA:453,8
DA:457,12
DA:458,10
DA:459,8
DA:460,8
DA:461,8
DA:462,8
DA:463,8
DA:464,8
DA:472,3
DA:473,4
DA:482,1
DA:486,1
DA:487,1
DA:488,1
DA:489,1
DA:490,1
DA:491,1
DA:499,0
DA:500,0
DA:508,1
DA:509,1
DA:510,1
DA:517,0
DA:518,0
DA:519,0
DA:543,12
DA:544,12
DA:545,12
DA:546,12
DA:553,12
DA:584,1
DA:585,1
DA:586,1
DA:587,1
DA:594,1
DA:623,0
DA:624,0
DA:625,0
DA:655,1
DA:656,1
DA:657,2
DA:687,0
DA:688,0
DA:689,0
DA:690,0
DA:697,0
DA:725,0
DA:728,0
DA:732,0
DA:739,0
DA:771,99
DA:772,99
DA:773,99
DA:775,99
DA:776,99
DA:777,78
DA:779,38
DA:782,40
DA:787,78
DA:799,78
DA:800,78
DA:801,28
DA:807,99
DA:808,99
DA:809,99
DA:810,99
DA:811,99
DA:824,99
DA:825,51
DA:827,21
DA:829,27
DA:852,88
DA:853,88
DA:854,88
DA:876,99
DA:877,48
DA:878,48
DA:880,16
DA:882,5
DA:884,48
DA:885,6
DA:887,42
DA:888,48
DA:889,48
DA:891,51
DA:907,78
DA:908,78
DA:909,78
DA:910,78
DA:912,6
DA:913,6
DA:915,72
DA:916,54
DA:920,54
DA:925,18
DA:926,18
DA:927,18
DA:928,2
DA:930,16
DA:940,78
DA:941,78
DA:955,126
DA:957,126
DA:958,126
DA:969,126
DA:970,126
DA:971,37
DA:973,89
DA:975,126
DA:991,72
DA:992,18
DA:993,18
DA:996,54
DA:997,54
DA:1015,72
DA:1017,44
DA:1019,72
DA:1021,15
DA:1023,72
DA:1024,35
DA:1027,72
DA:1029,72
DA:1030,72
DA:1031,61
DA:1033,61
DA:1034,15
DA:1036,46
DA:1038,72
DA:1040,30
DA:1041,6
DA:1043,24
DA:1060,56
DA:1061,1
DA:1063,55
DA:1064,54
DA:1065,48
DA:1066,9
DA:1069,42
DA:1070,38
DA:1077,12
DA:1081,56
DA:1082,6
DA:1083,56
DA:1093,30
DA:1094,30
DA:1095,30
DA:1096,30
DA:1097,30
DA:1098,2
DA:1100,28
DA:1101,28
DA:1102,14
DA:1103,1
DA:1105,2
DA:1107,11
DA:1110,14
DA:1111,1
DA:1113,2
DA:1115,11
DA:1129,19
DA:1142,10
DA:1152,29
DA:1167,76
DA:1174,2
DA:1181,5
DA:1185,55
DA:1189,14
DA:1193,14
DA:1197,6
DA:1201,89
DA:1228,10
DA:1242,17
DA:1256,0
DA:1257,0
LF:233
LH:209
BRDA:117,1,0,72
BRDA:117,1,1,15
BRDA:150,2,0,0
BRDA:150,2,1,2
BRDA:170,3,0,107
BRDA:170,3,1,10
BRDA:172,4,0,81
BRDA:172,4,1,26
BRDA:177,5,0,18
BRDA:177,5,1,8
BRDA:192,6,0,12
BRDA:192,6,1,0
BRDA:193,7,0,10
BRDA:193,7,1,2
BRDA:194,8,0,5
BRDA:194,8,1,5
BRDA:232,9,0,30
BRDA:232,9,1,0
BRDA:235,10,0,4
BRDA:235,10,1,8
BRDA:284,11,0,0
BRDA:284,11,1,3
BRDA:457,12,0,10
BRDA:457,12,1,2
BRDA:458,13,0,8
BRDA:458,13,1,2
BRDA:486,14,0,1
BRDA:486,14,1,0
BRDA:487,15,0,1
BRDA:487,15,1,0
[...]
FN:524,changeExpiryLimit
FN:542,generateSecurityToken
FN:564,generateNewSecurityToken
FN:612,refreshSecurityToken
FN:637,_deployToken
FN:674,modifySecurityToken
FN:708,_storeSecurityTokenData
FN:724,isSecurityToken
FN:736,transferOwnership
FN:745,pause
FN:754,unpause
FN:764,changeTickerRegistrationFee
FN:770,_changeTickerRegistrationFee
FN:779,changeSecurityLaunchFee
FN:785,_changeSecurityLaunchFee
FN:796,changeFeesAmountAndCurrency
FN:811,reclaimERC20
FN:827,setProtocolFactory
FN:831,_setProtocolFactory
FN:844,removeProtocolFactory
FN:859,setLatestVersion
FN:863,_setLatestVersion
FN:874,updatePolyTokenAddress
FN:883,isPaused
FN:891,owner
FNF:51
FNH:45
FNDA:169,onlyOwner
FNDA:138,whenNotPausedOrOwner
FNDA:138,_whenNotPausedOrOwner
FNDA:8,whenNotPaused
FNDA:8,whenPaused
FNDA:40,initialize
FNDA:0,updateFromRegistry
FNDA:32,_updateFromRegistry
FNDA:94,_takeFee
FNDA:110,getFees
FNDA:0,getSecurityTokenLaunchFee
FNDA:0,getTickerRegistrationFee
FNDA:0,setGetterRegistry
FNDA:64,_implementation
FNDA:57,registerTicker
FNDA:52,_addTicker
FNDA:13,modifyTicker
FNDA:7,_modifyTicker
FNDA:161,_tickerOwner
FNDA:4,removeTicker
FNDA:47,_tickerAvailable
FNDA:16,_tickerStatus
FNDA:53,_setTickerOwnership
FNDA:54,_storeTickerDetails
FNDA:7,transferTickerOwnership
FNDA:9,_deleteTickerOwnership
FNDA:6,changeExpiryLimit
FNDA:0,generateSecurityToken
FNDA:59,generateNewSecurityToken
FNDA:11,refreshSecurityToken
FNDA:40,_deployToken
FNDA:12,modifySecurityToken
FNDA:40,_storeSecurityTokenData
FNDA:230,isSecurityToken
FNDA:3,transferOwnership
FNDA:4,pause
FNDA:4,unpause
FNDA:5,changeTickerRegistrationFee
FNDA:4,_changeTickerRegistrationFee
FNDA:4,changeSecurityLaunchFee
FNDA:3,_changeSecurityLaunchFee
FNDA:3,changeFeesAmountAndCurrency
FNDA:3,reclaimERC20
FNDA:38,setProtocolFactory
FNDA:38,_setProtocolFactory
FNDA:0,removeProtocolFactory
FNDA:39,setLatestVersion
FNDA:39,_setLatestVersion
FNDA:3,updatePolyTokenAddress
FNDA:152,isPaused
FNDA:308,owner
DA:161,169
DA:162,141
DA:169,138
DA:170,134
DA:174,138
DA:175,136
DA:182,8
DA:183,6
DA:190,8
DA:191,6
DA:215,40
DA:216,38
DA:220,32
DA:221,32
DA:222,32
DA:223,32
DA:224,32
DA:225,32
DA:226,32
DA:227,32
DA:228,32
DA:235,0
DA:239,32
DA:240,32
DA:247,94
DA:248,94
DA:249,91
DA:250,86
DA:258,110
DA:259,110
DA:260,110
DA:261,110
DA:262,110
DA:263,108
DA:264,108
DA:266,2
DA:267,2
DA:276,0
DA:284,0
DA:292,0
DA:293,0
DA:297,64
DA:313,57
DA:314,55
DA:316,51
DA:317,47
DA:318,47
DA:320,45
DA:321,45
DA:322,1
DA:325,45
DA:343,52
DA:344,52
DA:345,52
DA:369,13
DA:370,11
DA:371,9
DA:372,7
DA:373,5
DA:374,5
DA:390,7
DA:391,7
DA:392,5
DA:394,7
DA:395,1
DA:398,7
DA:399,2
DA:401,7
DA:405,161
DA:413,4
DA:414,4
DA:415,4
DA:416,2
DA:417,2
DA:418,2
DA:420,2
DA:429,47
DA:431,3
DA:432,1
DA:435,44
DA:439,16
DA:448,53
DA:449,53
DA:450,53
DA:451,53
DA:452,53
DA:453,53
DA:454,29
DA:455,29
DA:472,54
DA:473,54
DA:474,54
DA:475,54
DA:476,54
DA:477,54
DA:478,54
DA:479,54
DA:480,54
DA:481,54
DA:490,7
DA:491,7
DA:492,5
DA:493,5
DA:494,1
DA:498,1
DA:499,1
DA:500,1
DA:501,1
DA:508,9
DA:509,9
DA:510,9
DA:511,9
DA:512,9
DA:513,9
DA:514,9
DA:515,4
DA:516,4
DA:525,6
DA:526,2
DA:527,2
DA:550,0
DA:575,59
DA:576,55
DA:577,51
DA:578,48
DA:580,51
DA:581,51
DA:582,51
DA:583,49
DA:584,49
DA:585,49
DA:587,45
DA:588,43
DA:589,39
DA:591,37
DA:593,0
DA:597,37
DA:621,11
DA:622,9
DA:623,7
DA:624,7
DA:625,5
DA:626,5
DA:627,5
DA:628,3
DA:629,1
DA:630,1
DA:632,1
DA:649,40
DA:661,38
DA:662,38
DA:685,12
DA:686,8
DA:687,6
DA:688,4
DA:689,4
DA:690,2
DA:691,2
DA:692,2
DA:694,1
DA:695,1
DA:697,2
DA:698,2
DA:699,2
DA:700,2
DA:714,40
DA:715,40
DA:716,40
DA:725,230
DA:737,3
DA:738,1
DA:739,1
DA:746,4
DA:748,4
DA:755,4
DA:757,4
DA:765,5
DA:766,5
DA:767,3
DA:771,4
DA:772,4
DA:780,4
DA:781,4
DA:782,2
DA:786,3
DA:787,3
DA:797,3
DA:798,3
DA:799,3
DA:800,3
DA:801,1
DA:802,1
DA:803,1
DA:804,1
DA:812,3
DA:813,1
DA:814,1
DA:815,1
DA:828,38
DA:832,38
DA:833,36
DA:834,36
DA:835,36
DA:845,0
DA:846,0
DA:847,0
DA:848,0
DA:860,39
DA:864,39
DA:865,39
DA:866,35
DA:867,35
DA:875,3
DA:876,1
DA:884,152
DA:892,308
LF:216
LH:205
BRDA:161,1,0,141
BRDA:161,1,1,28
BRDA:174,2,0,136
BRDA:174,2,1,2
BRDA:175,3,0,132
BRDA:175,3,1,4
BRDA:182,4,0,6
BRDA:182,4,1,2
BRDA:190,5,0,6
BRDA:190,5,1,2
BRDA:215,6,0,38
BRDA:215,6,1,2
BRDA:216,7,0,32
BRDA:216,7,1,6
BRDA:248,8,0,91
BRDA:248,8,1,3
BRDA:249,9,0,83
BRDA:249,9,1,8
BRDA:262,10,0,108
BRDA:262,10,1,2
BRDA:292,11,0,0
BRDA:292,11,1,0
BRDA:313,12,0,55
BRDA:313,12,1,2
BRDA:314,13,0,51
BRDA:314,13,1,4
BRDA:318,14,0,45
BRDA:318,14,1,2
BRDA:321,15,0,1
BRDA:321,15,1,44
BRDA:369,16,0,11
BRDA:369,16,1,2
BRDA:370,17,0,9
BRDA:370,17,1,2
BRDA:371,18,0,7
BRDA:371,18,1,2
BRDA:372,19,0,5
BRDA:372,19,1,2
BRDA:391,20,0,5
BRDA:391,20,1,2
BRDA:394,21,0,1
BRDA:394,21,1,6
BRDA:398,22,0,2
BRDA:398,22,1,5
BRDA:399,23,0,2
BRDA:399,23,1,0
BRDA:415,24,0,2
BRDA:415,24,1,2
BRDA:429,25,0,3
BRDA:429,25,1,44
BRDA:431,26,0,1
BRDA:431,26,1,2
BRDA:453,27,0,29
BRDA:453,27,1,24
BRDA:491,28,0,5
BRDA:491,28,1,2
BRDA:493,29,0,1
BRDA:493,29,1,4
BRDA:494,30,0,0
BRDA:494,30,1,1
BRDA:494,31,0,0
BRDA:494,31,1,0
BRDA:511,32,0,9
BRDA:511,32,1,0
BRDA:512,33,0,9
BRDA:512,33,1,0
BRDA:514,34,0,4
BRDA:514,34,1,5
BRDA:525,35,0,2
BRDA:525,35,1,4
BRDA:575,36,0,55
BRDA:575,36,1,4
BRDA:576,37,0,51
BRDA:576,37,1,4
BRDA:577,38,0,48
BRDA:577,38,1,3
BRDA:582,39,0,49
BRDA:582,39,1,2
BRDA:585,40,0,45
BRDA:585,40,1,4
BRDA:587,41,0,43
BRDA:587,41,1,2
BRDA:591,42,0,0
BRDA:591,42,1,37
BRDA:621,43,0,9
BRDA:621,43,1,2
BRDA:622,44,0,7
BRDA:622,44,1,2
BRDA:624,45,0,5
BRDA:624,45,1,2
BRDA:627,46,0,3
BRDA:627,46,1,2
BRDA:628,47,0,1
BRDA:628,47,1,2
BRDA:685,48,0,8
BRDA:685,48,1,4
BRDA:686,49,0,6
BRDA:686,49,1,2
BRDA:687,50,0,4
BRDA:687,50,1,2
BRDA:689,51,0,2
BRDA:689,51,1,2
BRDA:692,52,0,1
BRDA:692,52,1,1
BRDA:737,53,0,1
BRDA:737,53,1,2
BRDA:766,54,0,3
BRDA:766,54,1,2
BRDA:781,55,0,2
BRDA:781,55,1,2
BRDA:800,56,0,1
BRDA:800,56,1,2
BRDA:812,57,0,1
BRDA:812,57,1,2
BRDA:815,58,0,1
BRDA:815,58,1,0
BRDA:832,59,0,36
BRDA:832,59,1,2
BRDA:846,60,0,0
BRDA:846,60,1,0
BRDA:865,61,0,35
BRDA:865,61,1,4
BRDA:875,62,0,1
BRDA:875,62,1,2
BRF:124
BRH:112
end_of_record
TN:
SF:./contracts/STRGetter.sol
FN:23,getTickersByOwner
FN:44,_ownerInTicker
FN:58,getTokensByOwner
FN:66,getTokens
FN:74,_getTokens
FN:106,_ownerInToken
FN:121,getTokensByDelegate
FN:143,_delegateInToken
FN:168,getTickerDetails
FN:192,getSecurityTokenAddress
FN:205,getSecurityTokenData
FN:217,getSTFactoryAddress
FN:225,getSTFactoryAddressOfVersion
FN:232,getLatestProtocolVersion
FN:240,getIsFeeInPoly
FN:248,getExpiryLimit
FN:257,getTickerStatus
FN:266,getTickerOwner
FNF:18
FNH:17
FNDA:11,getTickersByOwner
FNDA:66,_ownerInTicker
FNDA:1,getTokensByOwner
FNDA:21,getTokens
FNDA:22,_getTokens
FNDA:78,_ownerInToken
FNDA:20,getTokensByDelegate
FNDA:66,_delegateInToken
FNDA:10,getTickerDetails
FNDA:5,getSecurityTokenAddress
FNDA:2,getSecurityTokenData
FNDA:3,getSTFactoryAddress
FNDA:1,getSTFactoryAddressOfVersion
FNDA:8,getLatestProtocolVersion
FNDA:1,getIsFeeInPoly
FNDA:0,getExpiryLimit
FNDA:10,getTickerStatus
FNDA:7,getTickerOwner
DA:24,11
DA:26,11
DA:27,11
DA:28,11
DA:29,33
DA:30,33
DA:33,11
DA:34,11
DA:35,11
DA:36,33
DA:37,33
DA:38,33
DA:41,11
DA:45,66
DA:47,66
DA:48,66
DA:50,0
DA:59,1
DA:67,21
DA:77,22
DA:78,22
DA:79,22
DA:80,22
DA:81,22
DA:82,22
DA:83,24
DA:84,24
DA:85,39
DA:86,36
DA:90,22
DA:91,22
DA:92,22
DA:93,22
DA:94,24
DA:95,24
DA:96,39
DA:97,39
DA:98,36
DA:99,36
DA:103,22
DA:107,78
DA:108,78
DA:109,74
DA:110,72
DA:113,6
DA:124,20
DA:125,20
DA:126,20
DA:127,20
DA:128,33
DA:129,22
DA:132,20
DA:133,20
DA:134,20
DA:135,33
DA:136,22
DA:137,22
DA:140,20
DA:144,66
DA:145,66
DA:146,66
DA:147,66
DA:148,66
DA:149,66
DA:150,66
DA:151,66
DA:152,44
DA:156,22
DA:169,10
DA:170,10
DA:171,10
DA:173,10
DA:174,7
DA:183,3
DA:193,5
DA:194,5
DA:206,2
DA:218,3
DA:226,1
DA:233,8
DA:241,1
DA:249,0
DA:258,10
DA:267,7
LF:84
LH:82
BRDA:29,1,0,33
BRDA:29,1,1,0
BRDA:36,2,0,33
BRDA:36,2,1,0
BRDA:47,3,0,66
BRDA:47,3,1,0
BRDA:85,4,0,36
BRDA:85,4,1,3
BRDA:97,5,0,36
BRDA:97,5,1,3
BRDA:108,6,0,74
BRDA:108,6,1,4
BRDA:109,7,0,72
BRDA:109,7,1,2
BRDA:128,8,0,22
BRDA:128,8,1,11
BRDA:135,9,0,22
BRDA:135,9,1,11
BRDA:150,10,0,66
BRDA:150,10,1,0
BRDA:151,11,0,44
BRDA:151,11,1,22
BRDA:173,12,0,7
BRDA:173,12,1,3
BRF:24
BRH:20
end_of_record
TN:
SF:./contracts/tokens/OZStorage.sol
FN:14,totalSupply
FN:18,balanceOf
FNF:2
FNH:1
FNDA:0,totalSupply
FNDA:320,balanceOf
DA:15,0
DA:19,320
LF:2
LH:1
BRF:0
BRH:0
end_of_record
TN:
SF:./contracts/tokens/SecurityToken.sol
FN:80,initialize
FN:95,isModule
FN:107,_onlyModuleOrOwner
FN:112,_isValidPartition
FN:116,_isValidOperator
FN:122,_zeroAddressCheck
FN:126,_isValidTransfer
FN:130,_isValidRedeem
FN:134,_isSignedByOwner
FN:138,_isIssuanceAllowed
FN:143,_onlyController
FN:147,_isAuthorised
FN:155,_onlyOwner
FN:162,_onlyModule
FN:169,onlyTokenFactory
FN:174,checkGranularity
FN:189,addModuleWithLabel
FN:217,_addModuleData
FN:250,addModule
FN:258,archiveModule
FN:267,upgradeModule
FN:275,upgradeToken
FN:289,unarchiveModule
FN:298,removeModule
FN:309,withdrawERC20
FN:321,changeModuleBudget
FN:330,updateTokenDetails
FN:340,changeGranularity
FN:351,changeDataStore
FN:361,changeName
FN:371,changeTreasuryWallet
FN:384,_adjustInvestorCount
FN:391,freezeTransfers
FN:402,unfreezeTransfers
FN:414,_adjustBalanceCheckpoints
FN:424,transfer
FN:440,transferWithData
FN:444,_transferWithData
FN:457,transferFrom
FN:475,transferFromWithData
FN:486,balanceOfByPartition
FN:490,_balanceOfByPartition
FN:509,transferByPartition
FN:513,_transferByPartition
FN:538,_returnPartition
FN:558,authorizeOperator
FN:570,revokeOperator
FN:580,authorizeOperatorByPartition
FN:591,revokeOperatorByPartition
FN:607,operatorTransferByPartition
FN:624,_validateOperatorAndPartition
FN:637,_updateTransfer
FN:661,_executeTransfer
FN:702,freezeIssuance
FN:720,issue
FN:732,_issue
FN:752,issueMulti
FN:769,issueByPartition
FN:783,redeem
FN:788,_redeem
FN:799,redeemByPartition
FN:805,_redeemByPartition
FN:828,operatorRedeemByPartition
FN:844,_checkAndBurn
FN:859,redeemFrom
FN:871,createCheckpoint
FN:887,setController
FN:898,disableController
FN:918,canTransfer
FN:934,canTransferFrom
FN:941,_canTransfer
FN:963,canTransferByPartition
FN:994,setDocument
FN:1004,removeDocument
FN:1016,isControllable
FN:1033,controllerTransfer
FN:1052,controllerRedeem
FN:1058,_implementation
FN:1062,updateFromRegistry
FN:1074,owner
FN:1081,isOwner
FN:1089,transferOwnership
FN:1098,_transferOwnership
FNF:83
FNH:81
FNDA:38,initialize
FNDA:602,isModule
FNDA:293,_onlyModuleOrOwner
FNDA:36,_isValidPartition
FNDA:10,_isValidOperator
FNDA:84,_zeroAddressCheck
FNDA:538,_isValidTransfer
FNDA:6,_isValidRedeem
FNDA:4,_isSignedByOwner
FNDA:204,_isIssuanceAllowed
FNDA:17,_onlyController
FNDA:27,_isAuthorised
FNDA:527,_onlyOwner
FNDA:20,_onlyModule
FNDA:0,onlyTokenFactory
FNDA:559,checkGranularity
FNDA:223,addModuleWithLabel
FNDA:145,_addModuleData
FNDA:222,addModule
FNDA:30,archiveModule
FNDA:9,upgradeModule
FNDA:1,upgradeToken
FNDA:6,unarchiveModule
FNDA:28,removeModule
FNDA:7,withdrawERC20
FNDA:5,changeModuleBudget
FNDA:3,updateTokenDetails
FNDA:15,changeGranularity
FNDA:44,changeDataStore
FNDA:3,changeName
FNDA:41,changeTreasuryWallet
FNDA:559,_adjustInvestorCount
FNDA:4,freezeTransfers
FNDA:3,unfreezeTransfers
FNDA:1114,_adjustBalanceCheckpoints
FNDA:224,transfer
FNDA:233,transferWithData
FNDA:238,_transferWithData
FNDA:21,transferFrom
FNDA:21,transferFromWithData
FNDA:33,balanceOfByPartition
FNDA:45,_balanceOfByPartition
FNDA:4,transferByPartition
FNDA:7,_transferByPartition
FNDA:6,_returnPartition
FNDA:2,authorizeOperator
FNDA:1,revokeOperator
FNDA:4,authorizeOperatorByPartition
FNDA:1,revokeOperatorByPartition
FNDA:11,operatorTransferByPartition
FNDA:14,_validateOperatorAndPartition
FNDA:559,_updateTransfer
FNDA:557,_executeTransfer
FNDA:2,freezeIssuance
FNDA:189,issue
FNDA:281,_issue
FNDA:13,issueMulti
FNDA:5,issueByPartition
FNDA:5,redeem
FNDA:3,_redeem
FNDA:7,redeemByPartition
FNDA:2,_redeemByPartition
FNDA:5,operatorRedeemByPartition
FNDA:11,_checkAndBurn
FNDA:3,redeemFrom
FNDA:91,createCheckpoint
FNDA:6,setController
FNDA:2,disableController
FNDA:6,canTransfer
FNDA:0,canTransferFrom
FNDA:7,_canTransfer
FNDA:2,canTransferByPartition
FNDA:11,setDocument
FNDA:7,removeDocument
FNDA:18,isControllable
FNDA:7,controllerTransfer
FNDA:10,controllerRedeem
FNDA:1611,_implementation
FNDA:38,updateFromRegistry
FNDA:1906,owner
FNDA:527,isOwner
FNDA:39,transferOwnership
FNDA:39,_transferOwnership
DA:82,38
DA:83,38
DA:84,38
DA:85,38
DA:86,38
DA:87,38
DA:96,602
DA:97,66
DA:98,536
DA:99,892
DA:100,534
DA:103,2
DA:108,293
DA:109,174
DA:113,36
DA:117,10
DA:123,84
DA:127,538
DA:131,6
DA:135,4
DA:139,204
DA:144,17
DA:148,27
DA:156,527
DA:163,20
DA:170,0
DA:171,0
DA:175,559
DA:176,557
DA:200,223
DA:202,223
DA:203,215
DA:204,215
DA:205,215
DA:206,215
DA:208,207
DA:210,207
DA:211,145
DA:213,145
DA:214,145
DA:226,145
DA:227,145
DA:228,145
DA:229,145
DA:230,187
DA:231,187
DA:233,145
DA:243,145
DA:244,145
DA:251,222
DA:259,30
DA:260,30
DA:268,9
DA:269,9
DA:276,1
DA:281,1
DA:282,1
DA:290,6
DA:291,6
DA:299,28
DA:300,24
DA:310,7
DA:311,3
DA:312,3
DA:322,5
DA:323,5
DA:331,3
DA:332,1
DA:333,1
DA:341,15
DA:342,15
DA:343,13
DA:344,13
DA:352,44
DA:353,42
DA:354,40
DA:362,3
DA:363,1
DA:364,1
DA:372,41
DA:373,39
DA:374,39
DA:375,39
DA:385,559
DA:392,4
DA:393,4
DA:394,2
DA:396,2
DA:403,3
DA:404,3
DA:405,1
DA:407,1
DA:415,1114
DA:425,224
DA:426,126
DA:441,233
DA:445,238
DA:447,134
DA:458,21
DA:459,17
DA:476,21
DA:477,17
DA:487,33
DA:491,45
DA:492,45
DA:493,45
DA:494,56
DA:495,56
DA:496,33
DA:510,4
DA:525,7
DA:530,5
DA:531,5
DA:533,5
DA:534,5
DA:535,5
DA:541,6
DA:542,6
DA:544,6
DA:559,2
DA:560,2
DA:571,1
DA:572,1
DA:581,4
DA:582,2
DA:583,2
DA:592,1
DA:593,1
DA:594,1
DA:619,11
DA:620,5
DA:621,3
DA:625,14
DA:626,10
DA:645,559
DA:646,559
DA:647,557
DA:648,557
DA:671,557
DA:672,554
DA:673,554
DA:674,554
DA:675,554
DA:676,554
DA:677,554
DA:678,554
DA:679,733
DA:680,733
DA:681,732
DA:682,732
DA:683,732
DA:684,72
DA:686,487
DA:688,0
DA:693,554
DA:695,3
DA:703,2
DA:704,2
DA:705,2
DA:706,0
DA:708,0
DA:727,189
DA:728,189
DA:729,183
DA:740,281
DA:741,251
DA:742,251
DA:753,13
DA:754,13
DA:756,11
DA:757,9
DA:758,98
DA:770,5
DA:772,3
DA:773,1
DA:784,5
DA:785,1
DA:790,3
DA:800,7
DA:801,5
DA:802,1
DA:815,2
DA:816,2
DA:837,5
DA:838,3
DA:839,3
DA:840,3
DA:841,1
DA:845,11
DA:846,11
DA:847,9
DA:860,3
DA:862,3
DA:863,3
DA:864,1
DA:872,91
DA:873,91
DA:875,91
DA:877,91
DA:878,91
DA:879,91
DA:880,91
DA:888,6
DA:889,4
DA:890,4
DA:891,4
DA:899,2
DA:900,2
DA:901,0
DA:902,0
DA:903,0
DA:904,0
DA:919,6
DA:935,0
DA:936,0
DA:937,0
DA:942,7
DA:943,7
DA:944,7
DA:945,0
DA:947,7
DA:948,7
DA:974,2
DA:975,1
DA:976,1
DA:977,1
DA:978,1
DA:979,1
DA:980,1
DA:982,1
DA:984,1
DA:995,11
DA:996,9
DA:1005,7
DA:1006,5
DA:1017,18
DA:1034,7
DA:1035,5
DA:1036,5
DA:1037,1
DA:1053,10
DA:1054,8
DA:1055,6
DA:1059,1611
DA:1063,38
DA:1064,38
DA:1065,38
DA:1066,38
DA:1075,1906
DA:1082,527
DA:1090,39
DA:1091,39
DA:1099,39
DA:1100,39
DA:1101,39
LF:255
LH:242
BRDA:82,1,0,38
BRDA:82,1,1,0
BRDA:96,2,0,66
BRDA:96,2,1,536
BRDA:99,3,0,534
BRDA:99,3,1,358
BRDA:108,4,0,174
BRDA:108,4,1,119
BRDA:109,5,0,166
BRDA:109,5,1,8
BRDA:113,6,0,22
BRDA:113,6,1,14
BRDA:123,7,0,82
BRDA:123,7,1,2
BRDA:127,8,0,402
BRDA:127,8,1,136
BRDA:131,9,0,6
BRDA:131,9,1,0
BRDA:135,10,0,0
BRDA:135,10,1,4
BRDA:139,11,0,204
BRDA:139,11,1,0
BRDA:148,12,0,19
BRDA:148,12,1,8
BRDA:156,13,0,505
BRDA:156,13,1,22
BRDA:163,14,0,12
BRDA:163,14,1,8
BRDA:170,15,0,0
BRDA:170,15,1,0
BRDA:175,16,0,557
BRDA:175,16,1,2
BRDA:206,17,0,207
BRDA:206,17,1,8
BRDA:211,18,0,145
BRDA:211,18,1,0
BRDA:312,19,0,1
BRDA:312,19,1,2
BRDA:342,20,0,13
BRDA:342,20,1,2
BRDA:393,21,0,2
BRDA:393,21,1,2
BRDA:404,22,0,1
BRDA:404,22,1,2
BRDA:477,23,0,17
BRDA:477,23,1,0
BRDA:495,24,0,33
BRDA:495,24,1,23
BRDA:541,25,0,6
BRDA:541,25,1,0
BRDA:620,26,0,3
BRDA:620,26,1,2
BRDA:671,27,0,554
BRDA:671,27,1,3
BRDA:680,28,0,732
BRDA:680,28,1,1
BRDA:683,29,0,72
BRDA:683,29,1,660
BRDA:685,30,0,487
BRDA:685,30,1,173
BRDA:687,31,0,0
BRDA:687,31,1,173
BRDA:756,32,0,9
BRDA:756,32,1,2
BRDA:838,33,0,3
BRDA:838,33,1,0
BRDA:889,34,0,4
BRDA:889,34,1,0
BRDA:901,35,0,0
BRDA:901,35,1,0
BRDA:936,36,0,0
BRDA:936,36,1,0
BRDA:944,37,0,0
BRDA:944,37,1,7
BRDA:974,38,0,1
BRDA:974,38,1,1
BRDA:977,39,0,1
BRDA:977,39,1,0
BRDA:1099,40,0,39
BRDA:1099,40,1,0
BRF:80
BRH:61
end_of_record
TN:
SF:./contracts/tokens/SecurityTokenProxy.sol
FN:21,constructor
FNF:1
FNH:1
FNDA:38,constructor
DA:32,38
DA:33,38
DA:34,38
DA:35,38
DA:36,38
DA:37,38
DA:38,38
DA:39,38
LF:8
LH:8
BRDA:32,1,0,38
BRDA:32,1,1,0
BRF:2
BRH:1
end_of_record
TN:
SF:./contracts/tokens/SecurityTokenStorage.sol
FNF:0
FNH:0
LF:0
LH:0
BRF:0
BRH:0
end_of_record
TN:
SF:./contracts/tokens/STFactory.sol
FN:46,constructor
FN:75,deployToken
FN:107,_deploy
FN:139,setLogicContract
FN:154,upgradeToken
FN:182,updateDefaultTransferManager
FN:193,updateDefaultDataStore
FNF:7
FNH:5
FNDA:33,constructor
FNDA:38,deployToken
FNDA:38,_deploy
FNDA:1,setLogicContract
FNDA:1,upgradeToken
FNDA:0,updateDefaultTransferManager
FNDA:0,updateDefaultDataStore
DA:56,33
DA:57,33
DA:58,33
DA:59,33
DA:60,33
DA:61,33
DA:62,33
DA:65,33
DA:66,33
DA:67,33
DA:68,33
DA:88,38
DA:96,38
DA:97,38
DA:99,38
DA:100,38
DA:101,38
DA:103,38
DA:104,38
DA:115,38
DA:124,38
DA:127,38
DA:128,38
DA:129,38
DA:130,38
DA:140,1
DA:141,1
DA:142,1
DA:143,1
DA:144,1
DA:145,1
DA:146,1
DA:147,1
DA:156,1
DA:157,1
DA:158,1
DA:159,1
DA:160,1
DA:162,1
DA:163,1
DA:164,1
DA:165,1
DA:166,9
DA:167,9
DA:168,4
DA:169,4
DA:170,4
DA:174,1
DA:184,0
DA:185,0
DA:195,0
DA:196,0
LF:52
LH:48
BRDA:56,1,0,33
BRDA:56,1,1,0
BRDA:57,2,0,33
BRDA:57,2,1,0
BRDA:58,3,0,33
BRDA:58,3,1,0
BRDA:59,4,0,33
BRDA:59,4,1,0
BRDA:96,5,0,38
BRDA:96,5,1,0
BRDA:100,6,0,38
BRDA:100,6,1,0
BRDA:128,7,0,38
BRDA:128,7,1,0
BRDA:140,8,0,1
BRDA:140,8,1,0
BRDA:141,9,0,1
BRDA:141,9,1,0
BRDA:142,10,0,1
BRDA:142,10,1,0
BRDA:156,11,0,1
BRDA:156,11,1,0
BRDA:158,12,0,1
BRDA:158,12,1,0
BRDA:169,13,0,4
BRDA:169,13,1,0
BRDA:170,14,0,4
BRDA:170,14,1,0
BRF:28
BRH:14
end_of_record
TN:
SF:./contracts/tokens/STGetter.sol
FN:21,isIssuable
FN:29,getCheckpointTimes
FN:37,getInvestorCount
FN:47,getInvestors
FN:57,getInvestorsAt
FN:87,getInvestorsSubsetAt
FN:120,getModule
FN:136,getModulesByName
FN:145,getModulesByType
FN:152,getTreasuryWallet
FN:161,balanceOfAt
FN:171,totalSupplyAt
FN:183,iterateInvestors
FN:197,checkPermission
FN:214,isOperator
FN:225,isOperatorForPartition
FN:234,partitionsOf
FN:271,_appendPartition
FN:293,getVersion
FN:308,getDocument
FN:320,getAllDocuments
FNF:21
FNH:19
FNDA:1,isIssuable
FNDA:10,getCheckpointTimes
FNDA:11,getInvestorCount
FNDA:6,getInvestors
FNDA:6,getInvestorsAt
FNDA:5,getInvestorsSubsetAt
FNDA:80,getModule
FNDA:3,getModulesByName
FNDA:109,getModulesByType
FNDA:27,getTreasuryWallet
FNDA:321,balanceOfAt
FNDA:99,totalSupplyAt
FNDA:3,iterateInvestors
FNDA:738,checkPermission
FNDA:2,isOperator
FNDA:3,isOperatorForPartition
FNDA:0,partitionsOf
FNDA:0,_appendPartition
FNDA:215,getVersion
FNDA:4,getDocument
FNDA:8,getAllDocuments
DA:22,1
DA:30,10
DA:38,11
DA:39,11
DA:48,6
DA:49,6
DA:58,6
DA:59,6
DA:60,6
DA:61,6
DA:62,6
DA:63,24
DA:64,19
DA:66,5
DA:69,6
DA:70,6
DA:71,6
DA:72,24
DA:73,19
DA:74,19
DA:77,6
DA:88,5
DA:89,5
DA:90,5
DA:91,5
DA:92,5
DA:93,17
DA:94,15
DA:96,2
DA:99,5
DA:100,5
DA:101,5
DA:102,17
DA:103,15
DA:104,15
DA:107,5
DA:121,80
DA:137,3
DA:146,109
DA:153,27
DA:162,321
DA:163,320
DA:172,99
DA:173,98
DA:184,3
DA:185,3
DA:198,738
DA:199,316
DA:200,315
DA:201,161
DA:205,577
DA:215,2
DA:226,3
DA:235,0
DA:237,0
DA:238,0
DA:240,0
DA:241,0
DA:242,0
DA:243,0
DA:246,0
DA:268,0
DA:272,0
DA:273,0
DA:274,0
DA:275,0
DA:276,0
DA:279,0
DA:280,0
DA:281,0
DA:282,0
DA:284,0
DA:285,0
DA:287,0
DA:294,215
DA:295,215
DA:296,215
DA:297,215
DA:298,215
DA:309,4
DA:321,8
LF:81
LH:60
BRDA:63,1,0,19
BRDA:63,1,1,5
BRDA:72,2,0,19
BRDA:72,2,1,5
BRDA:93,3,0,15
BRDA:93,3,1,2
BRDA:102,4,0,15
BRDA:102,4,1,2
BRDA:162,5,0,320
BRDA:162,5,1,1
BRDA:172,6,0,98
BRDA:172,6,1,1
BRDA:199,7,0,315
BRDA:199,7,1,1
BRDA:200,8,0,161
BRDA:200,8,1,154
BRDA:274,9,0,0
BRDA:274,9,1,0
BRDA:279,10,0,0
BRDA:279,10,1,0
BRF:20
BRH:16
end_of_record
